#
# A fatal error has been detected by the Java Runtime Environment:
#
#  Internal Error (jvmciRuntime.cpp:1609), pid=26, tid=43
#  fatal error: Fatal exception in JVMCI: Error calling jdk.vm.ci.services.Services.serializeSavedProperties
#
# JRE version: OpenJDK Runtime Environment GraalVM CE 22.3.0 (17.0.5+8) (build 17.0.5+8-jvmci-22.3-b08)
# Java VM: OpenJDK 64-Bit Server VM GraalVM CE 22.3.0 (17.0.5+8-jvmci-22.3-b08, mixed mode, sharing, tiered, jvmci, jvmci compiler, compressed oops, compressed class ptrs, parallel gc, linux-amd64)
# Problematic frame:
# V  [libjvm.so+0x972714]  JVMCIRuntime::fatal_exception(JVMCIEnv*, char const*)+0x74
#
# Core dump will be written. Default location: Core dumps may be processed with "/usr/share/apport/apport -p%p -s%s -c%c -d%d -P%P -u%u -g%g -- %E" (or dumping to /home/runner/PA4/core.26)
#
# If you would like to submit a bug report, please visit:
#   https://github.com/oracle/graal/issues
#

---------------  S U M M A R Y ------------

Command Line: -XX:ThreadPriorityPolicy=1 -XX:+UnlockExperimentalVMOptions -XX:+EnableJVMCIProduct -XX:JVMCIThreadsPerNativeLibraryRuntime=1 -XX:-UnlockExperimentalVMOptions -Declipse.application=org.eclipse.jdt.ls.core.id1 -Dosgi.bundles.defaultStartLevel=4 -Declipse.product=org.eclipse.jdt.ls.core.product -Dlog.level=ALL -Xverify:none -XX:+UseParallelGC -XX:GCTimeRatio=4 -XX:AdaptiveSizePolicyWeight=90 -Dsun.zip.disableMemoryMapping=true -Xmx512m -Xms100m /nix/store/m6gcpi1ii6rghy04cjwjddcavv7i90df-jdt-language-server-1.9.0/share/java/plugins/org.eclipse.equinox.launcher_1.6.400.v20210924-0641.jar --add-modules=ALL-SYSTEM --add-opens java.base/java.util=ALL-UNNAMED --add-opens java.base/java.lang=ALL-UNNAMED -configuration /home/runner/.cache/jdt-language-server/config -data /home/runner/.cache/jdt-language-server/data/home/runner/PA4

Host: AMD EPYC 7B12, 8 cores, 1G, Ubuntu 20.04.2 LTS
Time: Mon Feb 27 00:05:02 2023 UTC elapsed time: 1058.411497 seconds (0d 0h 17m 38s)

---------------  T H R E A D  ---------------

Current thread (0x00007fb5240b21b0):  JavaThread "JVMCI-native CompilerThread0" daemon [_thread_in_vm, id=43, stack(0x00007fb50aa00000,0x00007fb50ac00000)]


Current CompileTask:
JVMCI-native:1058411 9297       4       java.util.Objects::equals (23 bytes)

Stack: [0x00007fb50aa00000,0x00007fb50ac00000],  sp=0x00007fb50abfe380,  free space=2040k
Native frames: (J=compiled Java code, j=interpreted, Vv=VM code, C=native code)
V  [libjvm.so+0x972714]  JVMCIRuntime::fatal_exception(JVMCIEnv*, char const*)+0x74
V  [libjvm.so+0x93e2fe]  JVMCIEnv::copy_saved_properties()+0x14e
V  [libjvm.so+0x9732a9]  JVMCIRuntime::initialize(JVMCIEnv*)+0xb19
V  [libjvm.so+0x9738a2]  JVMCIRuntime::get_HotSpotJVMCIRuntime(JVMCIEnv*)+0x12
V  [libjvm.so+0x9749f2]  JVMCIRuntime::compile_method(JVMCIEnv*, JVMCICompiler*, methodHandle const&, int)+0xd2
V  [libjvm.so+0x5b0d20]  CompileBroker::invoke_compiler_on_method(CompileTask*)+0x1470
V  [libjvm.so+0x5b12e8]  CompileBroker::compiler_thread_loop()+0x528
V  [libjvm.so+0xd82460]  JavaThread::thread_main_inner()+0xd0
V  [libjvm.so+0xd85a40]  Thread::call_run()+0xc0
V  [libjvm.so+0xbdb1e1]  thread_native_entry(Thread*)+0xe1

Register to memory mapping:

RAX=0x00007fb52a718000 points into unknown readable memory: 0x0000000000000058 | 58 00 00 00 00 00 00 00
RBX=0x00007fb52b813398: <offset 0x0000000000ef5398> in /nix/store/gpxl5qgg8kicmcvivwmybwjlpf7wh20l-graalvm17-ce-22.3.0/lib/server/libjvm.so at 0x00007fb52a91e000
RCX=0x00007fb52b7cb1e8: <offset 0x0000000000ead1e8> in /nix/store/gpxl5qgg8kicmcvivwmybwjlpf7wh20l-graalvm17-ce-22.3.0/lib/server/libjvm.so at 0x00007fb52a91e000
RDX=0x0000000000000649 is an unknown value
RSP=0x00007fb50abfe380 is pointing into the stack for thread: 0x00007fb5240b21b0
RBP=0x00007fb50abfe3a0 is pointing into the stack for thread: 0x00007fb5240b21b0
RSI=0x00007fb52b813c48: <offset 0x0000000000ef5c48> in /nix/store/gpxl5qgg8kicmcvivwmybwjlpf7wh20l-graalvm17-ce-22.3.0/lib/server/libjvm.so at 0x00007fb52a91e000
RDI=0x00000000e0000000 is an oop: java.lang.String 
{0x00000000e0000000} - klass: 'java/lang/String'
 - string: "resolution"
R8 =0x00007fb52b813398: <offset 0x0000000000ef5398> in /nix/store/gpxl5qgg8kicmcvivwmybwjlpf7wh20l-graalvm17-ce-22.3.0/lib/server/libjvm.so at 0x00007fb52a91e000
R9 =0x00007fb50abfe330 is pointing into the stack for thread: 0x00007fb5240b21b0
R10=0x00007fb50abff948 is pointing into the stack for thread: 0x00007fb5240b21b0
R11=0x0000000000000293 is an unknown value
R12=0x0 is NULL
R13=0x00007fb5240b21b0 is a thread
R14=0x00007fb524000b80 points into unknown readable memory: 0x00007fb52ba44a38 | 38 4a a4 2b b5 7f 00 00
R15=0x00007fb52bb52e40: <offset 0x0000000001234e40> in /nix/store/gpxl5qgg8kicmcvivwmybwjlpf7wh20l-graalvm17-ce-22.3.0/lib/server/libjvm.so at 0x00007fb52a91e000


Registers:
RAX=0x00007fb52a718000, RBX=0x00007fb52b813398, RCX=0x00007fb52b7cb1e8, RDX=0x0000000000000649
RSP=0x00007fb50abfe380, RBP=0x00007fb50abfe3a0, RSI=0x00007fb52b813c48, RDI=0x00000000e0000000
R8 =0x00007fb52b813398, R9 =0x00007fb50abfe330, R10=0x00007fb50abff948, R11=0x0000000000000293
R12=0x0000000000000000, R13=0x00007fb5240b21b0, R14=0x00007fb524000b80, R15=0x00007fb52bb52e40
RIP=0x00007fb52b290714, EFLAGS=0x0000000000010206, CSGSFS=0x002b000000000033, ERR=0x0000000000000006
  TRAPNO=0x000000000000000e

Top of Stack: (sp=0x00007fb50abfe380)
0x00007fb50abfe380:   00007fb50abfe940 00007fb5240b21b0
0x00007fb50abfe390:   00007fb5290c3768 0000000800c50d08
0x00007fb50abfe3a0:   00007fb50abfe500 00007fb52b25c2fe
0x00007fb50abfe3b0:   00007fb50abfe3e0 00007fb50abfe440 

Instructions: (pc=0x00007fb52b290714)
0x00007fb52b290614:   30 e8 f6 cf e8 ff 4c 89 e7 e8 2e 48 d1 ff 84 db
0x00007fb52b290624:   75 2a 4d 85 ed 74 04 4d 8b 6d 00 48 83 c4 08 44
0x00007fb52b290634:   89 f9 4c 89 f2 4c 89 ee 5b 4c 89 e7 41 5c 41 5d
0x00007fb52b290644:   41 5e 41 5f 5d e9 e2 47 d1 ff 66 90 48 83 c4 08
0x00007fb52b290654:   5b 41 5c 41 5d 41 5e 41 5f 5d c3 90 31 d2 be 08
0x00007fb52b290664:   00 00 00 4c 89 ff e8 b1 78 a3 ff 49 89 c5 e9 37
0x00007fb52b290674:   ff ff ff 66 0f 1f 84 00 00 00 00 00 48 8b 7a 08
0x00007fb52b290684:   e9 6d ff ff ff 0f 1f 80 00 00 00 00 e8 5b 48 0a
0x00007fb52b290694:   00 84 c0 75 89 e9 6a ff ff ff 66 90 55 48 89 e5
0x00007fb52b2906a4:   41 56 41 55 41 54 49 89 fc 53 48 89 f3 66 48 8d
0x00007fb52b2906b4:   3d 27 5e 85 00 66 66 48 e8 df 43 8d ff 4c 8b 28
0x00007fb52b2906c4:   8b 05 be 72 8a 00 85 c0 75 14 ba 01 00 00 00 48
0x00007fb52b2906d4:   8d 0d ae 72 8a 00 f0 0f b1 11 85 c0 74 4e be c8
0x00007fb52b2906e4:   00 00 00 4c 89 ef e8 01 0b 41 00 48 8d 05 12 ac
0x00007fb52b2906f4:   85 00 49 89 d8 48 8d 0d e8 aa 53 00 ba 49 06 00
0x00007fb52b290704:   00 48 8d 35 3c 35 58 00 bf 00 00 00 e0 48 8b 00
0x00007fb52b290714:   c6 00 58 31 c0 e8 e2 91 c6 ff 5b 41 5c 41 5d 41
0x00007fb52b290724:   5e 5d e9 55 34 26 00 0f 1f 44 00 00 48 8d 05 81
0x00007fb52b290734:   a3 8b 00 48 89 df 4c 8b 30 e8 9e 43 8d ff 48 89
0x00007fb52b290744:   de 48 89 c2 49 8b 06 4c 89 f7 ff 50 08 4c 89 f7
0x00007fb52b290754:   e8 a7 5c 27 00 4d 85 e4 74 12 be 01 00 00 00 4c
0x00007fb52b290764:   89 e7 e8 35 43 fc ff eb 82 0f 1f 00 be 01 00 00
0x00007fb52b290774:   00 4c 89 ef e8 d3 fd ff ff e9 6d ff ff ff 66 66
0x00007fb52b290784:   2e 0f 1f 84 00 00 00 00 00 0f 1f 00 55 48 89 e5
0x00007fb52b290794:   41 57 41 56 41 55 41 54 53 48 81 ec 08 02 00 00
0x00007fb52b2907a4:   64 48 8b 04 25 28 00 00 00 48 89 45 c8 8b 07 83
0x00007fb52b2907b4:   f8 02 0f 84 11 04 00 00 4c 8b 6f 18 49 89 ff 49
0x00007fb52b2907c4:   89 f4 4d 85 ed 74 14 4c 89 ef e8 5d 57 22 00 41
0x00007fb52b2907d4:   8b 07 83 f8 02 0f 84 19 04 00 00 48 8d 1d 9a 06
0x00007fb52b2907e4:   8a 00 4c 8d 35 0b 3c 58 00 eb 38 90 48 85 d2 7f
0x00007fb52b2907f4:   0d 48 8d 05 b4 c0 85 00 48 83 38 00 7e 0e 41 8b
0x00007fb52b290804:   77 2c 4c 89 f7 31 c0 e8 a0 b2 f7 ff 49 8b 7f 18 


Stack slot to memory mapping:
stack at sp + 0 slots: 0x00007fb50abfe940 is pointing into the stack for thread: 0x00007fb5240b21b0
stack at sp + 1 slots: 0x00007fb5240b21b0 is a thread
stack at sp + 2 slots: 0x00007fb5290c3768 points into unknown readable memory: 0x657300187b87ffff | ff ff 87 7b 18 00 73 65
stack at sp + 3 slots: 0x0000000800c50d08 is a pointer to class: 
jdk.vm.ci.services.Services {0x0000000800c50d08}
 - instance size:     2
 - klass size:        65
 - access:            public final synchronized 
 - state:             fully_initialized
 - name:              'jdk/vm/ci/services/Services'
 - super:             'java/lang/Object'
 - sub:               
 - arrays:            NULL
 - methods:           Array<T>(0x00007fb50acde4f8)
 - method ordering:   Array<T>(0x0000000800928960)
 - default_methods:   Array<T>(0x0000000000000000)
 - local interfaces:  Array<T>(0x00000008005ce810)
 - trans. interfaces: Array<T>(0x00000008005ce810)
 - constants:         constant pool [427] {0x00007fb50acdc0b0} for 'jdk/vm/ci/services/Services' cache=0x00007fb50ace23c0
 - class loader data:  loader data: 0x00007fb5240283d0 of 'bootstrap'
 - source file:       'Services.java'
 - class annotations:       Array<T>(0x0000000000000000)
 - class type annotations:  Array<T>(0x0000000000000000)
 - field annotations:       Array<T>(0x0000000000000000)
 - field type annotations:  Array<T>(0x0000000000000000)
 - inner classes:     Array<T>(0x00007fb50acdf798)
 - nest members:     Array<T>(0x00007fb50acdf7b8)
 - permitted subclasses:     Array<T>(0x00000008005ce7a0)
 - java mirror:       a 'java/lang/Class'{0x00000000e013f3c0} = 'jdk/vm/ci/services/Services'
 - vtable length      5  (start addr: 0x0000000800c50ed8)
 - itable length      2 (start addr: 0x0000000800c50f00)
 - ---- static fields (3 words):
 - public static final 'IS_BUILDING_NATIVE_IMAGE' 'Z' @128 
 - public static final 'IS_IN_NATIVE_IMAGE' 'Z' @129 
 - private static volatile 'savedProperties' 'Ljava/util/Map;' @112 
 - static final 'JVMCI_ENABLED' 'Z' @130 
 - private static final 'servicesCache' 'Ljava/util/Map;' @116 
 - private static final 'MAX_UNICODE_IN_UTF8_LENGTH' 'I' @120 
 - private static final 'MAX_UTF8_PROPERTY_STRING_LENGTH' 'I' @124 
 - ---- non-static fields (0 words):
 - non-static oop maps: 
stack at sp + 4 slots: 0x00007fb50abfe500 is pointing into the stack for thread: 0x00007fb5240b21b0
stack at sp + 5 slots: 0x00007fb52b25c2fe: <offset 0x000000000093e2fe> in /nix/store/gpxl5qgg8kicmcvivwmybwjlpf7wh20l-graalvm17-ce-22.3.0/lib/server/libjvm.so at 0x00007fb52a91e000
stack at sp + 6 slots: 0x00007fb50abfe3e0 is pointing into the stack for thread: 0x00007fb5240b21b0
stack at sp + 7 slots: 0x00007fb50abfe440 is pointing into the stack for thread: 0x00007fb5240b21b0


---------------  P R O C E S S  ---------------

Threads class SMR info:
_java_thread_list=0x00007fb468024ee0, length=36, elements={
0x00007fb524026670, 0x00007fb5240a64b0, 0x00007fb5240a78f0, 0x00007fb5240ae020,
0x00007fb5240af3d0, 0x00007fb5240b07c0, 0x00007fb5240b21b0, 0x00007fb5240b36c0,
0x00007fb5240b4b10, 0x00007fb5240d7f70, 0x00007fb5241201c0, 0x00007fb524347540,
0x00007fb524349b50, 0x00007fb524504e40, 0x00007fb4b8016d00, 0x00007fb4b82a1d50,
0x00007fb4a0000ff0, 0x00007fb4b8485b90, 0x00007fb4b85f0540, 0x00007fb5246363f0,
0x00007fb4a0002150, 0x00007fb48c0cebd0, 0x00007fb4941db340, 0x00007fb4941ec8a0,
0x00007fb4941eec80, 0x00007fb4941daa80, 0x00007fb4941ea600, 0x00007fb4941dd0b0,
0x00007fb4941e9110, 0x00007fb4941f0330, 0x00007fb4941f08b0, 0x00007fb4941f13f0,
0x00007fb4941f2e00, 0x00007fb4941f3a50, 0x00007fb448000ff0, 0x00007fb4c0007310
}

Java Threads: ( => current thread )
  0x00007fb524026670 JavaThread "main" [_thread_blocked, id=35, stack(0x00007fb52a739000,0x00007fb52a839000)]
  0x00007fb5240a64b0 JavaThread "Reference Handler" daemon [_thread_blocked, id=38, stack(0x00007fb528750000,0x00007fb528850000)]
  0x00007fb5240a78f0 JavaThread "Finalizer" daemon [_thread_blocked, id=39, stack(0x00007fb528650000,0x00007fb528750000)]
  0x00007fb5240ae020 JavaThread "Signal Dispatcher" daemon [_thread_blocked, id=40, stack(0x00007fb52826a000,0x00007fb52836a000)]
  0x00007fb5240af3d0 JavaThread "Service Thread" daemon [_thread_blocked, id=41, stack(0x00007fb52816a000,0x00007fb52826a000)]
  0x00007fb5240b07c0 JavaThread "Monitor Deflation Thread" daemon [_thread_blocked, id=42, stack(0x00007fb52806a000,0x00007fb52816a000)]
=>0x00007fb5240b21b0 JavaThread "JVMCI-native CompilerThread0" daemon [_thread_in_vm, id=43, stack(0x00007fb50aa00000,0x00007fb50ac00000)]
  0x00007fb5240b36c0 JavaThread "C1 CompilerThread0" daemon [_thread_blocked, id=44, stack(0x00007fb50a800000,0x00007fb50aa00000)]
  0x00007fb5240b4b10 JavaThread "Sweeper thread" daemon [_thread_blocked, id=45, stack(0x00007fb50a700000,0x00007fb50a800000)]
  0x00007fb5240d7f70 JavaThread "Common-Cleaner" daemon [_thread_blocked, id=46, stack(0x00007fb50a600000,0x00007fb50a700000)]
  0x00007fb5241201c0 JavaThread "Notification Thread" daemon [_thread_blocked, id=47, stack(0x00007fb50a500000,0x00007fb50a600000)]
  0x00007fb524347540 JavaThread "Framework Event Dispatcher: Equinox Container: 6ea5af2f-c4bf-4b28-9765-ece45bd44a36" daemon [_thread_blocked, id=56, stack(0x00007fb508f00000,0x00007fb509000000)]
  0x00007fb524349b50 JavaThread "Start Level: Equinox Container: 6ea5af2f-c4bf-4b28-9765-ece45bd44a36" daemon [_thread_blocked, id=57, stack(0x00007fb508d00000,0x00007fb508e00000)]
  0x00007fb524504e40 JavaThread "Refresh Thread: Equinox Container: 6ea5af2f-c4bf-4b28-9765-ece45bd44a36" daemon [_thread_blocked, id=62, stack(0x00007fb508b00000,0x00007fb508c00000)]
  0x00007fb4b8016d00 JavaThread "SCR Component Actor" daemon [_thread_blocked, id=63, stack(0x00007fb508900000,0x00007fb508a00000)]
  0x00007fb4b82a1d50 JavaThread "Worker-JM" [_thread_blocked, id=69, stack(0x00007fb508500000,0x00007fb508600000)]
  0x00007fb4a0000ff0 JavaThread "Worker-2: Java indexing... " [_thread_blocked, id=72, stack(0x00007fb4d1b00000,0x00007fb4d1c00000)]
  0x00007fb4b8485b90 JavaThread "Java indexing" daemon [_thread_blocked, id=73, stack(0x00007fb4d1900000,0x00007fb4d1a00000)]
  0x00007fb4b85f0540 JavaThread "Bundle File Closer" daemon [_thread_blocked, id=78, stack(0x00007fb4d1700000,0x00007fb4d1800000)]
  0x00007fb5246363f0 JavaThread "pool-2-thread-1" [_thread_blocked, id=80, stack(0x00007fb4d1a00000,0x00007fb4d1b00000)]
  0x00007fb4a0002150 JavaThread "Worker-3: Periodic workspace save." [_thread_blocked, id=81, stack(0x00007fb4d1300000,0x00007fb4d1400000)]
  0x00007fb48c0cebd0 JavaThread "Worker-5" [_thread_blocked, id=141, stack(0x00007fb508c00000,0x00007fb508d00000)]
  0x00007fb4941db340 JavaThread "Thread-3" [_thread_blocked, id=142, stack(0x00007fb508a00000,0x00007fb508b00000)]
  0x00007fb4941ec8a0 JavaThread "Thread-12" [_thread_blocked, id=156, stack(0x00007fb4d0700000,0x00007fb4d0800000)]
  0x00007fb4941eec80 JavaThread "Thread-15" [_thread_blocked, id=160, stack(0x00007fb4d0b00000,0x00007fb4d0c00000)]
  0x00007fb4941daa80 JavaThread "Thread-16" [_thread_blocked, id=361, stack(0x00007fb508300000,0x00007fb508400000)]
  0x00007fb4941ea600 JavaThread "Thread-17" [_thread_blocked, id=370, stack(0x00007fb508100000,0x00007fb508200000)]
  0x00007fb4941dd0b0 JavaThread "Thread-19" [_thread_blocked, id=376, stack(0x00007fb4d1100000,0x00007fb4d1200000)]
  0x00007fb4941e9110 JavaThread "Thread-20" [_thread_blocked, id=377, stack(0x00007fb4d1000000,0x00007fb4d1100000)]
  0x00007fb4941f0330 JavaThread "Thread-21" [_thread_blocked, id=382, stack(0x00007fb4d0e00000,0x00007fb4d0f00000)]
  0x00007fb4941f08b0 JavaThread "Thread-22" [_thread_blocked, id=391, stack(0x00007fb508700000,0x00007fb508800000)]
  0x00007fb4941f13f0 JavaThread "Thread-23" [_thread_blocked, id=392, stack(0x00007fb508400000,0x00007fb508500000)]
  0x00007fb4941f2e00 JavaThread "Thread-25" [_thread_blocked, id=414, stack(0x00007fb4d0900000,0x00007fb4d0a00000)]
  0x00007fb4941f3a50 JavaThread "Thread-26" [_thread_blocked, id=546, stack(0x00007fb4d0500000,0x00007fb4d0600000)]
  0x00007fb448000ff0 JavaThread "pool-3-thread-3" [_thread_blocked, id=1100, stack(0x00007fb50a1fe000,0x00007fb50a2fe000)]
  0x00007fb4c0007310 JavaThread "Active Thread: Equinox Container: 6ea5af2f-c4bf-4b28-9765-ece45bd44a36" [_thread_blocked, id=1109, stack(0x00007fb50a2fe000,0x00007fb50a3fe000)]

Other Threads:
  0x00007fb5240a1bf0 VMThread "VM Thread" [stack: 0x00007fb528852000,0x00007fb528952000] [id=37] _threads_hazard_ptr=0x00007fb468024ee0
  0x00007fb524121b60 WatcherThread [stack: 0x00007fb50a400000,0x00007fb50a500000] [id=48]
  0x00007fb52403df10 GCTaskThread "GC Thread#0" [stack: 0x00007fb52a2fc000,0x00007fb52a3fc000] [id=36]

Threads with active compile tasks:
JVMCI-native CompilerThread0  1058486 9297       4       java.util.Objects::equals (23 bytes)

VM state: synchronizing (normal execution)

VM Mutex/Monitor currently owned by a thread:  ([mutex/lock_event])
[0x00007fb524023820] Threads_lock - owner thread: 0x00007fb5240a1bf0
[0x00007fb524023fd0] Heap_lock - owner thread: 0x00007fb4941f08b0

OutOfMemory and StackOverflow Exception counts:
OutOfMemoryError java_heap_errors=22
LinkageErrors=55

Heap address: 0x00000000e0000000, size: 512 MB, Compressed Oops mode: 32-bit

CDS archive(s) mapped at: [0x0000000800000000-0x0000000800bc8000-0x0000000800bc8000), size 12353536, SharedBaseAddress: 0x0000000800000000, ArchiveRelocationMode: 0.
Compressed class space mapped at: 0x0000000800c00000-0x0000000840c00000, reserved size: 1073741824
Narrow klass base: 0x0000000800000000, Narrow klass shift: 0, Narrow klass range: 0x100000000

GC Precious Log:
 CPUs: 8 total, 1 available
 Memory: 1024M
 Large Page Support: Disabled
 NUMA Support: Disabled
 Compressed Oops: Enabled (32-bit)
 Alignments: Space 512K, Generation 512K, Heap 2M
 Heap Min Capacity: 100M
 Heap Initial Capacity: 100M
 Heap Max Capacity: 512M
 Pre-touch: Disabled
 Parallel Workers: 1

Heap:
 PSYoungGen      total 59904K, used 38400K [0x00000000f5580000, 0x00000000fb500000, 0x0000000100000000)
  eden space 38400K, 100% used [0x00000000f5580000,0x00000000f7b00000,0x00000000f7b00000)
  from space 21504K, 0% used [0x00000000f7b00000,0x00000000f7b00000,0x00000000f9000000)
  to   space 27648K, 0% used [0x00000000f9a00000,0x00000000f9a00000,0x00000000fb500000)
 ParOldGen       total 349696K, used 349695K [0x00000000e0000000, 0x00000000f5580000, 0x00000000f5580000)
  object space 349696K, 99% used [0x00000000e0000000,0x00000000f557fe98,0x00000000f5580000)
 Metaspace       used 58531K, committed 59392K, reserved 1105920K
  class space    used 5681K, committed 6016K, reserved 1048576K

Card table byte_map: [0x00007fb52a3fc000,0x00007fb52a4fd000] _byte_map_base: 0x00007fb529cfc000

Marking Bits: (ParMarkBitMap*) 0x00007fb52bb4c4c0
 Begin Bits: [0x00007fb52924f000, 0x00007fb529a4f000)
 End Bits:   [0x00007fb529a4f000, 0x00007fb52a24f000)

Polling page: 0x00007fb52a716000

Metaspace:

Usage:
  Non-class:     51.61 MB used.
      Class:      5.55 MB used.
       Both:     57.16 MB used.

Virtual space:
  Non-class space:       56.00 MB reserved,      52.12 MB ( 93%) committed,  7 nodes.
      Class space:        1.00 GB reserved,       5.88 MB ( <1%) committed,  1 nodes.
             Both:        1.05 GB reserved,      58.00 MB (  5%) committed. 

Chunk freelists:
   Non-Class:  2.98 MB
       Class:  2.15 MB
        Both:  5.13 MB

MaxMetaspaceSize: unlimited
CompressedClassSpaceSize: 1.00 GB
Initial GC threshold: 21.00 MB
Current GC threshold: 96.69 MB
CDS: on
MetaspaceReclaimPolicy: balanced
 - commit_granule_bytes: 65536.
 - commit_granule_words: 8192.
 - virtual_space_node_default_size: 1048576.
 - enlarge_chunks_in_place: 1.
 - new_chunks_are_fully_committed: 0.
 - uncommit_free_chunks: 1.
 - use_allocation_guard: 0.
 - handle_deallocations: 1.


Internal statistics:

num_allocs_failed_limit: 6.
num_arena_births: 408.
num_arena_deaths: 88.
num_vsnodes_births: 8.
num_vsnodes_deaths: 0.
num_space_committed: 926.
num_space_uncommitted: 0.
num_chunks_returned_to_freelist: 126.
num_chunks_taken_from_freelist: 2651.
num_chunk_merges: 40.
num_chunk_splits: 1712.
num_chunks_enlarged: 1111.
num_purges: 22.
num_inconsistent_stats: 0.

CodeHeap 'non-profiled nmethods': size=120036Kb used=2981Kb max_used=2981Kb free=117054Kb
 bounds [0x00007fb512f7a000, 0x00007fb51326a000, 0x00007fb51a4b3000]
CodeHeap 'profiled nmethods': size=120032Kb used=15979Kb max_used=16997Kb free=104052Kb
 bounds [0x00007fb50ba42000, 0x00007fb50cae2000, 0x00007fb512f7a000]
CodeHeap 'non-nmethods': size=5692Kb used=1404Kb max_used=1410Kb free=4287Kb
 bounds [0x00007fb50b4b3000, 0x00007fb50b723000, 0x00007fb50ba42000]
 total_blobs=8059 nmethods=7313 adapters=623
 compilation: enabled
              stopped_count=0, restarted_count=0
 full_count=0

JVMCI Events (20 events):
Event: 944.861 Thread 0x00007fb5240b21b0 compacted oop handles in JVMCI runtime 0 from 56 to 56
Event: 944.861 Thread 0x00007fb5240b21b0 releasing handles for JVMCI runtime 0: oop handles=56, metadata handles={total=96, live=83, blocks=42}
Event: 944.861 Thread 0x00007fb5240b21b0 detached from JVMCI runtime 0
Event: 977.619 Thread 0x00007fb5240b21b0 attached to JVMCI runtime 0
Event: 977.622 Thread 0x00007fb5240b21b0 created JavaVM[7]@0x00007fb4cff9e340 for JVMCI runtime 0
Event: 977.622 Thread 0x00007fb5240b21b0 initializing JVMCI runtime 0
Event: 977.622 Thread 0x00007fb5240b21b0 done waiting for JavaVM references initialization in JVMCI runtime 0
Event: 985.572 Thread 0x00007fb5240b21b0 initialized JVMCI runtime 0
Event: 1019.170 Thread 0x00007fb5240b21b0 compacted oop handles in JVMCI runtime 0 from 131 to 121
Event: 1020.408 Thread 0x00007fb5240b21b0 detaching from JVMCI runtime 0: releasing idle compiler thread (0 other threads still attached)
Event: 1020.408 Thread 0x00007fb5240b21b0 shutting down HotSpotJVMCIRuntime for JVMCI runtime 0
Event: 1020.408 Thread 0x00007fb5240b21b0 shut down JVMCI runtime 0
Event: 1020.467 Thread 0x00007fb5240b21b0 destroyed JavaVM[7]@0x00007fb4cff9e340 for JVMCI runtime 0
Event: 1020.467 Thread 0x00007fb5240b21b0 compacted oop handles in JVMCI runtime 0 from 121 to 121
Event: 1020.467 Thread 0x00007fb5240b21b0 releasing handles for JVMCI runtime 0: oop handles=121, metadata handles={total=207, live=196, blocks=42}
Event: 1020.467 Thread 0x00007fb5240b21b0 detached from JVMCI runtime 0
Event: 1050.664 Thread 0x00007fb5240b21b0 attached to JVMCI runtime 0
Event: 1050.666 Thread 0x00007fb5240b21b0 created JavaVM[8]@0x00007fb4cff9e340 for JVMCI runtime 0
Event: 1051.889 Thread 0x00007fb5240b21b0 initializing JVMCI runtime 0
Event: 1051.889 Thread 0x00007fb5240b21b0 done waiting for JavaVM references initialization in JVMCI runtime 0

Compilation events (20 events):
Event: 888.093 Thread 0x00007fb5240b21b0 nmethod 9285 0x00007fb51325fe10 code [0x00007fb51325ffa0, 0x00007fb513260100]
Event: 908.960 Thread 0x00007fb5240b36c0 9288       3       java.util.concurrent.locks.AbstractQueuedSynchronizer$Node::<init> (5 bytes)
Event: 908.960 Thread 0x00007fb5240b36c0 nmethod 9288 0x00007fb50c76cf90 code [0x00007fb50c76d140, 0x00007fb50c76d290]
Event: 915.096 Thread 0x00007fb5240b21b0 9289       4       jdk.internal.misc.Unsafe::weakCompareAndSetInt (11 bytes)
Event: 932.361 Thread 0x00007fb5240b21b0 nmethod 9289 0x00007fb513260290 code [0x00007fb513260400, 0x00007fb513260450]
Event: 932.361 Thread 0x00007fb5240b21b0 9290   !   4       org.eclipse.jdt.internal.compiler.lookup.TypeSystem::getUnannotatedType (267 bytes)
Event: 943.587 Thread 0x00007fb5240b21b0 nmethod 9290 0x00007fb513260590 code [0x00007fb5132607c0, 0x00007fb513260eb0]
Event: 957.655 Thread 0x00007fb5240b36c0 9291       3       java.util.concurrent.ThreadPoolExecutor::isShutdown (12 bytes)
Event: 958.996 Thread 0x00007fb5240b36c0 nmethod 9291 0x00007fb50c76cb10 code [0x00007fb50c76ccc0, 0x00007fb50c76ceb0]
Event: 968.064 Thread 0x00007fb5240b36c0 9292       3       java.util.concurrent.ScheduledThreadPoolExecutor::canRunInCurrentRunState (61 bytes)
Event: 969.319 Thread 0x00007fb5240b36c0 nmethod 9292 0x00007fb50c76bc10 code [0x00007fb50c76be20, 0x00007fb50c76c8c0]
Event: 977.619 Thread 0x00007fb5240b21b0 9293       4       org.eclipse.osgi.internal.hooks.EclipseLazyStarter::preFindLocalClass (120 bytes)
Event: 998.988 Thread 0x00007fb5240b36c0 9294       3       java.io.PrintWriter::print (9 bytes)
Event: 998.989 Thread 0x00007fb5240b36c0 nmethod 9294 0x00007fb50c76b090 code [0x00007fb50c76b260, 0x00007fb50c76b9e0]
Event: 1019.170 Thread 0x00007fb5240b21b0 nmethod 9293 0x00007fb513261210 code [0x00007fb513261540, 0x00007fb513262818]
Event: 1032.583 Thread 0x00007fb5240b36c0 9295   !   3       java.util.concurrent.locks.AbstractQueuedSynchronizer::acquire (407 bytes)
Event: 1032.585 Thread 0x00007fb5240b36c0 nmethod 9295 0x00007fb50c768610 code [0x00007fb50c768980, 0x00007fb50c76a7a0]
Event: 1036.078 Thread 0x00007fb5240b36c0 9296       3       jdk.internal.misc.Unsafe::putIntOpaque (9 bytes)
Event: 1036.078 Thread 0x00007fb5240b36c0 nmethod 9296 0x00007fb50c768290 code [0x00007fb50c768420, 0x00007fb50c768530]
Event: 1050.664 Thread 0x00007fb5240b21b0 9297       4       java.util.Objects::equals (23 bytes)

GC Heap History (20 events):
Event: 1045.668 GC heap before
{Heap before GC invocations=938 (full 780):
 PSYoungGen      total 59904K, used 38400K [0x00000000f5580000, 0x00000000fb500000, 0x0000000100000000)
  eden space 38400K, 100% used [0x00000000f5580000,0x00000000f7b00000,0x00000000f7b00000)
  from space 21504K, 0% used [0x00000000f7b00000,0x00000000f7b00000,0x00000000f9000000)
  to   space 27648K, 0% used [0x00000000f9a00000,0x00000000f9a00000,0x00000000fb500000)
 ParOldGen       total 349696K, used 349690K [0x00000000e0000000, 0x00000000f5580000, 0x00000000f5580000)
  object space 349696K, 99% used [0x00000000e0000000,0x00000000f557ead8,0x00000000f5580000)
 Metaspace       used 58531K, committed 59392K, reserved 1105920K
  class space    used 5681K, committed 6016K, reserved 1048576K
}
Event: 1046.863 GC heap after
{Heap after GC invocations=938 (full 780):
 PSYoungGen      total 66048K, used 38399K [0x00000000f5580000, 0x00000000fb500000, 0x0000000100000000)
  eden space 38400K, 99% used [0x00000000f5580000,0x00000000f7afff78,0x00000000f7b00000)
  from space 27648K, 0% used [0x00000000f9a00000,0x00000000f9a00000,0x00000000fb500000)
  to   space 21504K, 0% used [0x00000000f7b00000,0x00000000f7b00000,0x00000000f9000000)
 ParOldGen       total 349696K, used 349689K [0x00000000e0000000, 0x00000000f5580000, 0x00000000f5580000)
  object space 349696K, 99% used [0x00000000e0000000,0x00000000f557e6c8,0x00000000f5580000)
 Metaspace       used 58531K, committed 59392K, reserved 1105920K
  class space    used 5681K, committed 6016K, reserved 1048576K
}
Event: 1046.864 GC heap before
{Heap before GC invocations=939 (full 781):
 PSYoungGen      total 66048K, used 38400K [0x00000000f5580000, 0x00000000fb500000, 0x0000000100000000)
  eden space 38400K, 100% used [0x00000000f5580000,0x00000000f7b00000,0x00000000f7b00000)
  from space 27648K, 0% used [0x00000000f9a00000,0x00000000f9a00000,0x00000000fb500000)
  to   space 21504K, 0% used [0x00000000f7b00000,0x00000000f7b00000,0x00000000f9000000)
 ParOldGen       total 349696K, used 349689K [0x00000000e0000000, 0x00000000f5580000, 0x00000000f5580000)
  object space 349696K, 99% used [0x00000000e0000000,0x00000000f557e6c8,0x00000000f5580000)
 Metaspace       used 58531K, committed 59392K, reserved 1105920K
  class space    used 5681K, committed 6016K, reserved 1048576K
}
Event: 1048.080 GC heap after
{Heap after GC invocations=939 (full 781):
 PSYoungGen      total 59904K, used 38399K [0x00000000f5580000, 0x00000000fb500000, 0x0000000100000000)
  eden space 38400K, 99% used [0x00000000f5580000,0x00000000f7afffe0,0x00000000f7b00000)
  from space 21504K, 0% used [0x00000000f7b00000,0x00000000f7b00000,0x00000000f9000000)
  to   space 27648K, 0% used [0x00000000f9a00000,0x00000000f9a00000,0x00000000fb500000)
 ParOldGen       total 349696K, used 349689K [0x00000000e0000000, 0x00000000f5580000, 0x00000000f5580000)
  object space 349696K, 99% used [0x00000000e0000000,0x00000000f557e6c8,0x00000000f5580000)
 Metaspace       used 58531K, committed 59392K, reserved 1105920K
  class space    used 5681K, committed 6016K, reserved 1048576K
}
Event: 1048.080 GC heap before
{Heap before GC invocations=940 (full 782):
 PSYoungGen      total 59904K, used 38400K [0x00000000f5580000, 0x00000000fb500000, 0x0000000100000000)
  eden space 38400K, 100% used [0x00000000f5580000,0x00000000f7b00000,0x00000000f7b00000)
  from space 21504K, 0% used [0x00000000f7b00000,0x00000000f7b00000,0x00000000f9000000)
  to   space 27648K, 0% used [0x00000000f9a00000,0x00000000f9a00000,0x00000000fb500000)
 ParOldGen       total 349696K, used 349689K [0x00000000e0000000, 0x00000000f5580000, 0x00000000f5580000)
  object space 349696K, 99% used [0x00000000e0000000,0x00000000f557e6c8,0x00000000f5580000)
 Metaspace       used 58531K, committed 59392K, reserved 1105920K
  class space    used 5681K, committed 6016K, reserved 1048576K
}
Event: 1049.320 GC heap after
{Heap after GC invocations=940 (full 782):
 PSYoungGen      total 66048K, used 38400K [0x00000000f5580000, 0x00000000fb500000, 0x0000000100000000)
  eden space 38400K, 100% used [0x00000000f5580000,0x00000000f7b00000,0x00000000f7b00000)
  from space 27648K, 0% used [0x00000000f9a00000,0x00000000f9a00000,0x00000000fb500000)
  to   space 21504K, 0% used [0x00000000f7b00000,0x00000000f7b00000,0x00000000f9000000)
 ParOldGen       total 349696K, used 349689K [0x00000000e0000000, 0x00000000f5580000, 0x00000000f5580000)
  object space 349696K, 99% used [0x00000000e0000000,0x00000000f557e6c8,0x00000000f5580000)
 Metaspace       used 58531K, committed 59392K, reserved 1105920K
  class space    used 5681K, committed 6016K, reserved 1048576K
}
Event: 1049.360 GC heap before
{Heap before GC invocations=941 (full 783):
 PSYoungGen      total 66048K, used 38400K [0x00000000f5580000, 0x00000000fb500000, 0x0000000100000000)
  eden space 38400K, 100% used [0x00000000f5580000,0x00000000f7b00000,0x00000000f7b00000)
  from space 27648K, 0% used [0x00000000f9a00000,0x00000000f9a00000,0x00000000fb500000)
  to   space 21504K, 0% used [0x00000000f7b00000,0x00000000f7b00000,0x00000000f9000000)
 ParOldGen       total 349696K, used 349694K [0x00000000e0000000, 0x00000000f5580000, 0x00000000f5580000)
  object space 349696K, 99% used [0x00000000e0000000,0x00000000f557fa78,0x00000000f5580000)
 Metaspace       used 58531K, committed 59392K, reserved 1105920K
  class space    used 5681K, committed 6016K, reserved 1048576K
}
Event: 1050.661 GC heap after
{Heap after GC invocations=941 (full 783):
 PSYoungGen      total 59904K, used 38398K [0x00000000f5580000, 0x00000000fb500000, 0x0000000100000000)
  eden space 38400K, 99% used [0x00000000f5580000,0x00000000f7affa70,0x00000000f7b00000)
  from space 21504K, 0% used [0x00000000f7b00000,0x00000000f7b00000,0x00000000f9000000)
  to   space 27648K, 0% used [0x00000000f9a00000,0x00000000f9a00000,0x00000000fb500000)
 ParOldGen       total 349696K, used 349694K [0x00000000e0000000, 0x00000000f5580000, 0x00000000f5580000)
  object space 349696K, 99% used [0x00000000e0000000,0x00000000f557f888,0x00000000f5580000)
 Metaspace       used 58531K, committed 59392K, reserved 1105920K
  class space    used 5681K, committed 6016K, reserved 1048576K
}
Event: 1050.667 GC heap before
{Heap before GC invocations=942 (full 784):
 PSYoungGen      total 59904K, used 38399K [0x00000000f5580000, 0x00000000fb500000, 0x0000000100000000)
  eden space 38400K, 99% used [0x00000000f5580000,0x00000000f7affff8,0x00000000f7b00000)
  from space 21504K, 0% used [0x00000000f7b00000,0x00000000f7b00000,0x00000000f9000000)
  to   space 27648K, 0% used [0x00000000f9a00000,0x00000000f9a00000,0x00000000fb500000)
 ParOldGen       total 349696K, used 349694K [0x00000000e0000000, 0x00000000f5580000, 0x00000000f5580000)
  object space 349696K, 99% used [0x00000000e0000000,0x00000000f557f888,0x00000000f5580000)
 Metaspace       used 58531K, committed 59392K, reserved 1105920K
  class space    used 5681K, committed 6016K, reserved 1048576K
}
Event: 1051.889 GC heap after
{Heap after GC invocations=942 (full 784):
 PSYoungGen      total 66048K, used 38398K [0x00000000f5580000, 0x00000000fb500000, 0x0000000100000000)
  eden space 38400K, 99% used [0x00000000f5580000,0x00000000f7affb30,0x00000000f7b00000)
  from space 27648K, 0% used [0x00000000f9a00000,0x00000000f9a00000,0x00000000fb500000)
  to   space 21504K, 0% used [0x00000000f7b00000,0x00000000f7b00000,0x00000000f9000000)
 ParOldGen       total 349696K, used 349694K [0x00000000e0000000, 0x00000000f5580000, 0x00000000f5580000)
  object space 349696K, 99% used [0x00000000e0000000,0x00000000f557f888,0x00000000f5580000)
 Metaspace       used 58531K, committed 59392K, reserved 1105920K
  class space    used 5681K, committed 6016K, reserved 1048576K
}
Event: 1051.889 GC heap before
{Heap before GC invocations=943 (full 785):
 PSYoungGen      total 66048K, used 38399K [0x00000000f5580000, 0x00000000fb500000, 0x0000000100000000)
  eden space 38400K, 99% used [0x00000000f5580000,0x00000000f7affff0,0x00000000f7b00000)
  from space 27648K, 0% used [0x00000000f9a00000,0x00000000f9a00000,0x00000000fb500000)
  to   space 21504K, 0% used [0x00000000f7b00000,0x00000000f7b00000,0x00000000f9000000)
 ParOldGen       total 349696K, used 349694K [0x00000000e0000000, 0x00000000f5580000, 0x00000000f5580000)
  object space 349696K, 99% used [0x00000000e0000000,0x00000000f557f888,0x00000000f5580000)
 Metaspace       used 58531K, committed 59392K, reserved 1105920K
  class space    used 5681K, committed 6016K, reserved 1048576K
}
Event: 1053.163 GC heap after
{Heap after GC invocations=943 (full 785):
 PSYoungGen      total 59904K, used 38399K [0x00000000f5580000, 0x00000000fb500000, 0x0000000100000000)
  eden space 38400K, 99% used [0x00000000f5580000,0x00000000f7affc78,0x00000000f7b00000)
  from space 21504K, 0% used [0x00000000f7b00000,0x00000000f7b00000,0x00000000f9000000)
  to   space 27648K, 0% used [0x00000000f9a00000,0x00000000f9a00000,0x00000000fb500000)
 ParOldGen       total 349696K, used 349694K [0x00000000e0000000, 0x00000000f5580000, 0x00000000f5580000)
  object space 349696K, 99% used [0x00000000e0000000,0x00000000f557f888,0x00000000f5580000)
 Metaspace       used 58531K, committed 59392K, reserved 1105920K
  class space    used 5681K, committed 6016K, reserved 1048576K
}
Event: 1053.163 GC heap before
{Heap before GC invocations=944 (full 786):
 PSYoungGen      total 59904K, used 38399K [0x00000000f5580000, 0x00000000fb500000, 0x0000000100000000)
  eden space 38400K, 99% used [0x00000000f5580000,0x00000000f7affff0,0x00000000f7b00000)
  from space 21504K, 0% used [0x00000000f7b00000,0x00000000f7b00000,0x00000000f9000000)
  to   space 27648K, 0% used [0x00000000f9a00000,0x00000000f9a00000,0x00000000fb500000)
 ParOldGen       total 349696K, used 349694K [0x00000000e0000000, 0x00000000f5580000, 0x00000000f5580000)
  object space 349696K, 99% used [0x00000000e0000000,0x00000000f557f888,0x00000000f5580000)
 Metaspace       used 58531K, committed 59392K, reserved 1105920K
  class space    used 5681K, committed 6016K, reserved 1048576K
}
Event: 1054.407 GC heap after
{Heap after GC invocations=944 (full 786):
 PSYoungGen      total 66048K, used 38399K [0x00000000f5580000, 0x00000000fb500000, 0x0000000100000000)
  eden space 38400K, 99% used [0x00000000f5580000,0x00000000f7affff0,0x00000000f7b00000)
  from space 27648K, 0% used [0x00000000f9a00000,0x00000000f9a00000,0x00000000fb500000)
  to   space 21504K, 0% used [0x00000000f7b00000,0x00000000f7b00000,0x00000000f9000000)
 ParOldGen       total 349696K, used 349694K [0x00000000e0000000, 0x00000000f5580000, 0x00000000f5580000)
  object space 349696K, 99% used [0x00000000e0000000,0x00000000f557f888,0x00000000f5580000)
 Metaspace       used 58531K, committed 59392K, reserved 1105920K
  class space    used 5681K, committed 6016K, reserved 1048576K
}
Event: 1054.408 GC heap before
{Heap before GC invocations=945 (full 787):
 PSYoungGen      total 66048K, used 38399K [0x00000000f5580000, 0x00000000fb500000, 0x0000000100000000)
  eden space 38400K, 99% used [0x00000000f5580000,0x00000000f7affff0,0x00000000f7b00000)
  from space 27648K, 0% used [0x00000000f9a00000,0x00000000f9a00000,0x00000000fb500000)
  to   space 21504K, 0% used [0x00000000f7b00000,0x00000000f7b00000,0x00000000f9000000)
 ParOldGen       total 349696K, used 349696K [0x00000000e0000000, 0x00000000f5580000, 0x00000000f5580000)
  object space 349696K, 100% used [0x00000000e0000000,0x00000000f5580000,0x00000000f5580000)
 Metaspace       used 58531K, committed 59392K, reserved 1105920K
  class space    used 5681K, committed 6016K, reserved 1048576K
}
Event: 1055.729 GC heap after
{Heap after GC invocations=945 (full 787):
 PSYoungGen      total 59904K, used 38399K [0x00000000f5580000, 0x00000000fb500000, 0x0000000100000000)
  eden space 38400K, 99% used [0x00000000f5580000,0x00000000f7afff68,0x00000000f7b00000)
  from space 21504K, 0% used [0x00000000f7b00000,0x00000000f7b00000,0x00000000f9000000)
  to   space 27648K, 0% used [0x00000000f9a00000,0x00000000f9a00000,0x00000000fb500000)
 ParOldGen       total 349696K, used 349694K [0x00000000e0000000, 0x00000000f5580000, 0x00000000f5580000)
  object space 349696K, 99% used [0x00000000e0000000,0x00000000f557fb40,0x00000000f5580000)
 Metaspace       used 58531K, committed 59392K, reserved 1105920K
  class space    used 5681K, committed 6016K, reserved 1048576K
}
Event: 1055.760 GC heap before
{Heap before GC invocations=946 (full 788):
 PSYoungGen      total 59904K, used 38399K [0x00000000f5580000, 0x00000000fb500000, 0x0000000100000000)
  eden space 38400K, 99% used [0x00000000f5580000,0x00000000f7afffe8,0x00000000f7b00000)
  from space 21504K, 0% used [0x00000000f7b00000,0x00000000f7b00000,0x00000000f9000000)
  to   space 27648K, 0% used [0x00000000f9a00000,0x00000000f9a00000,0x00000000fb500000)
 ParOldGen       total 349696K, used 349694K [0x00000000e0000000, 0x00000000f5580000, 0x00000000f5580000)
  object space 349696K, 99% used [0x00000000e0000000,0x00000000f557fb40,0x00000000f5580000)
 Metaspace       used 58531K, committed 59392K, reserved 1105920K
  class space    used 5681K, committed 6016K, reserved 1048576K
}
Event: 1057.088 GC heap after
{Heap after GC invocations=946 (full 788):
 PSYoungGen      total 66048K, used 38399K [0x00000000f5580000, 0x00000000fb500000, 0x0000000100000000)
  eden space 38400K, 99% used [0x00000000f5580000,0x00000000f7afffe8,0x00000000f7b00000)
  from space 27648K, 0% used [0x00000000f9a00000,0x00000000f9a00000,0x00000000fb500000)
  to   space 21504K, 0% used [0x00000000f7b00000,0x00000000f7b00000,0x00000000f9000000)
 ParOldGen       total 349696K, used 349694K [0x00000000e0000000, 0x00000000f5580000, 0x00000000f5580000)
  object space 349696K, 99% used [0x00000000e0000000,0x00000000f557faa0,0x00000000f5580000)
 Metaspace       used 58531K, committed 59392K, reserved 1105920K
  class space    used 5681K, committed 6016K, reserved 1048576K
}
Event: 1057.088 GC heap before
{Heap before GC invocations=947 (full 789):
 PSYoungGen      total 66048K, used 38399K [0x00000000f5580000, 0x00000000fb500000, 0x0000000100000000)
  eden space 38400K, 99% used [0x00000000f5580000,0x00000000f7afffe8,0x00000000f7b00000)
  from space 27648K, 0% used [0x00000000f9a00000,0x00000000f9a00000,0x00000000fb500000)
  to   space 21504K, 0% used [0x00000000f7b00000,0x00000000f7b00000,0x00000000f9000000)
 ParOldGen       total 349696K, used 349694K [0x00000000e0000000, 0x00000000f5580000, 0x00000000f5580000)
  object space 349696K, 99% used [0x00000000e0000000,0x00000000f557faa0,0x00000000f5580000)
 Metaspace       used 58531K, committed 59392K, reserved 1105920K
  class space    used 5681K, committed 6016K, reserved 1048576K
}
Event: 1058.391 GC heap after
{Heap after GC invocations=947 (full 789):
 PSYoungGen      total 59904K, used 38399K [0x00000000f5580000, 0x00000000fb500000, 0x0000000100000000)
  eden space 38400K, 99% used [0x00000000f5580000,0x00000000f7afffe8,0x00000000f7b00000)
  from space 21504K, 0% used [0x00000000f7b00000,0x00000000f7b00000,0x00000000f9000000)
  to   space 27648K, 0% used [0x00000000f9a00000,0x00000000f9a00000,0x00000000fb500000)
 ParOldGen       total 349696K, used 349693K [0x00000000e0000000, 0x00000000f5580000, 0x00000000f5580000)
  object space 349696K, 99% used [0x00000000e0000000,0x00000000f557f690,0x00000000f5580000)
 Metaspace       used 58531K, committed 59392K, reserved 1105920K
  class space    used 5681K, committed 6016K, reserved 1048576K
}

Dll operation events (9 events):
Event: 0.097 Loaded shared library /nix/store/gpxl5qgg8kicmcvivwmybwjlpf7wh20l-graalvm17-ce-22.3.0/lib/libjava.so
Event: 0.199 Loaded shared library /nix/store/gpxl5qgg8kicmcvivwmybwjlpf7wh20l-graalvm17-ce-22.3.0/lib/libjsvml.so
Event: 0.391 Loaded shared library /nix/store/gpxl5qgg8kicmcvivwmybwjlpf7wh20l-graalvm17-ce-22.3.0/lib/libnio.so
Event: 0.400 Loaded shared library /nix/store/gpxl5qgg8kicmcvivwmybwjlpf7wh20l-graalvm17-ce-22.3.0/lib/libzip.so
Event: 0.431 Loaded shared library /nix/store/gpxl5qgg8kicmcvivwmybwjlpf7wh20l-graalvm17-ce-22.3.0/lib/libjvmcicompiler.so
Event: 0.784 Loaded shared library /nix/store/gpxl5qgg8kicmcvivwmybwjlpf7wh20l-graalvm17-ce-22.3.0/lib/libjimage.so
Event: 1.330 Loaded shared library /nix/store/gpxl5qgg8kicmcvivwmybwjlpf7wh20l-graalvm17-ce-22.3.0/lib/libnet.so
Event: 5.084 Loaded shared library /home/runner/.cache/jdt-language-server/config/org.eclipse.equinox.launcher/org.eclipse.equinox.launcher.gtk.linux.x86_64_1.2.400.v20211117-0650/eclipse_11600.so
Event: 13.172 Loaded shared library /nix/store/gpxl5qgg8kicmcvivwmybwjlpf7wh20l-graalvm17-ce-22.3.0/lib/libextnet.so

Deoptimization events (20 events):
Event: 573.490 Thread 0x00007fb4941f3a50 Uncommon trap: trap_request=0xffffff8f fr.pc=0x00007fb512fbd76e relative=0x000000000000044e
Event: 573.490 Thread 0x00007fb4941f3a50 Uncommon trap: reason=constraint action=none pc=0x00007fb512fbd76e method=java.lang.AbstractStringBuilder.append(Ljava/lang/String;)Ljava/lang/AbstractStringBuilder; @ 0 jvmci
Event: 573.490 Thread 0x00007fb4941f3a50 DEOPT PACKING pc=0x00007fb512fbd76e sp=0x00007fb4d05fd940
Event: 573.490 Thread 0x00007fb4941f3a50 DEOPT UNPACKING pc=0x00007fb50b505325 sp=0x00007fb4d05fce00 mode 3
Event: 575.801 Thread 0x00007fb4b8485b90 Uncommon trap: trap_request=0xffffff8f fr.pc=0x00007fb513227514 relative=0x0000000000000274
Event: 575.801 Thread 0x00007fb4b8485b90 Uncommon trap: reason=constraint action=none pc=0x00007fb513227514 method=org.eclipse.jdt.internal.core.index.DiskIndex$IntList.add(I)V @ 0 jvmci
Event: 578.107 Thread 0x00007fb4b8485b90 DEOPT PACKING pc=0x00007fb513227514 sp=0x00007fb4d19fe500
Event: 578.107 Thread 0x00007fb4b8485b90 DEOPT UNPACKING pc=0x00007fb50b505325 sp=0x00007fb4d19fd9a0 mode 3
Event: 578.107 Thread 0x00007fb4941f08b0 Uncommon trap: trap_request=0xffffff8f fr.pc=0x00007fb51324862e relative=0x000000000000036e
Event: 578.107 Thread 0x00007fb4941f08b0 Uncommon trap: reason=constraint action=none pc=0x00007fb51324862e method=org.eclipse.jdt.internal.compiler.lookup.PackageBinding.<init>([[CLorg/eclipse/jdt/internal/compiler/lookup/PackageBinding;Lorg/eclipse/jdt/internal/compiler/lookup/LookupEnvironmen
Event: 578.107 Thread 0x00007fb4941f08b0 DEOPT PACKING pc=0x00007fb51324862e sp=0x00007fb5087fdbe0
Event: 578.107 Thread 0x00007fb4941f08b0 DEOPT UNPACKING pc=0x00007fb50b505325 sp=0x00007fb5087fd060 mode 3
Event: 580.384 Thread 0x00007fb4a0002150 Uncommon trap: trap_request=0xffffff8f fr.pc=0x00007fb512f927ee relative=0x00000000000000ce
Event: 580.384 Thread 0x00007fb4a0002150 Uncommon trap: reason=constraint action=none pc=0x00007fb512f927ee method=java.util.HashMap.newNode(ILjava/lang/Object;Ljava/lang/Object;Ljava/util/HashMap$Node;)Ljava/util/HashMap$Node; @ 0 jvmci
Event: 580.384 Thread 0x00007fb4a0002150 DEOPT PACKING pc=0x00007fb512f927ee sp=0x00007fb4d13fdf40
Event: 580.384 Thread 0x00007fb4a0002150 DEOPT UNPACKING pc=0x00007fb50b505325 sp=0x00007fb4d13fd3e8 mode 3
Event: 585.910 Thread 0x00007fb4941dc1f0 Uncommon trap: trap_request=0xffffff8f fr.pc=0x00007fb5130ba25c relative=0x00000000000001bc
Event: 585.910 Thread 0x00007fb4941dc1f0 Uncommon trap: reason=constraint action=none pc=0x00007fb5130ba25c method=java.util.Collections$UnmodifiableCollection$1.<init>(Ljava/util/Collections$UnmodifiableCollection;)V @ 22 jvmci
Event: 604.398 Thread 0x00007fb4941dc1f0 DEOPT PACKING pc=0x00007fb5130ba25c sp=0x00007fb4d16fda40
Event: 604.398 Thread 0x00007fb4941dc1f0 DEOPT UNPACKING pc=0x00007fb50b505325 sp=0x00007fb4d16fce60 mode 3

Classes unloaded (20 events):
Event: 151.571 Thread 0x00007fb5240a1bf0 Unloading class 0x0000000801065400 'java/lang/invoke/LambdaForm$MH+0x0000000801065400'
Event: 151.571 Thread 0x00007fb5240a1bf0 Unloading class 0x0000000801065000 'java/lang/invoke/LambdaForm$MH+0x0000000801065000'
Event: 151.571 Thread 0x00007fb5240a1bf0 Unloading class 0x0000000801064c00 'java/lang/invoke/LambdaForm$MH+0x0000000801064c00'
Event: 151.571 Thread 0x00007fb5240a1bf0 Unloading class 0x0000000801064800 'java/lang/invoke/LambdaForm$MH+0x0000000801064800'
Event: 151.571 Thread 0x00007fb5240a1bf0 Unloading class 0x0000000801064400 'java/lang/invoke/LambdaForm$MH+0x0000000801064400'
Event: 151.571 Thread 0x00007fb5240a1bf0 Unloading class 0x0000000801064000 'java/lang/invoke/LambdaForm$MH+0x0000000801064000'
Event: 151.571 Thread 0x00007fb5240a1bf0 Unloading class 0x0000000800da0400 'java/lang/invoke/LambdaForm$MH+0x0000000800da0400'
Event: 151.571 Thread 0x00007fb5240a1bf0 Unloading class 0x0000000800cbe400 'java/lang/invoke/LambdaForm$MH+0x0000000800cbe400'
Event: 160.981 Thread 0x00007fb5240a1bf0 Unloading class 0x0000000801089400 'jdk/internal/reflect/GeneratedSerializationConstructorAccessor4'
Event: 160.981 Thread 0x00007fb5240a1bf0 Unloading class 0x0000000801089000 'jdk/internal/reflect/GeneratedSerializationConstructorAccessor3'
Event: 160.981 Thread 0x00007fb5240a1bf0 Unloading class 0x0000000801088c00 'jdk/internal/reflect/GeneratedSerializationConstructorAccessor2'
Event: 160.981 Thread 0x00007fb5240a1bf0 Unloading class 0x0000000801088800 'jdk/internal/reflect/GeneratedSerializationConstructorAccessor1'
Event: 180.793 Thread 0x00007fb5240a1bf0 Unloading class 0x00000008011c9000 'jdk/internal/reflect/GeneratedConstructorAccessor36'
Event: 182.297 Thread 0x00007fb5240a1bf0 Unloading class 0x00000008011bcc00 'jdk/internal/reflect/GeneratedConstructorAccessor35'
Event: 737.880 Thread 0x00007fb5240a1bf0 Unloading class 0x0000000800ef4800 'java/lang/invoke/LambdaForm$MH+0x0000000800ef4800'
Event: 737.880 Thread 0x00007fb5240a1bf0 Unloading class 0x0000000800ef5000 'java/lang/invoke/LambdaForm$MH+0x0000000800ef5000'
Event: 737.880 Thread 0x00007fb5240a1bf0 Unloading class 0x0000000800cbe400 'java/lang/invoke/LambdaForm$MH+0x0000000800cbe400'
Event: 737.880 Thread 0x00007fb5240a1bf0 Unloading class 0x00000008011c9000 'java/lang/invoke/LambdaForm$MH+0x00000008011c9000'
Event: 787.401 Thread 0x00007fb5240a1bf0 Unloading class 0x0000000800da1000 'java/lang/invoke/LambdaForm$MH+0x0000000800da1000'
Event: 814.574 Thread 0x00007fb5240a1bf0 Unloading class 0x0000000800ef4800 'java/lang/invoke/LambdaForm$MH+0x0000000800ef4800'

Classes redefined (0 events):
No events

Internal exceptions (20 events):
Event: 565.503 Thread 0x00007fb4a0000ff0 Exception <a 'java/lang/OutOfMemoryError'{0x00000000e00043f8}> (0x00000000e00043f8) 
thrown [src/hotspot/share/gc/shared/memAllocator.cpp, line 138]
Event: 565.503 Thread 0x00007fb4a0000ff0 Implicit null exception at 0x00007fb512ff2937 to 0x00007fb512ff294a
Event: 567.865 Thread 0x00007fb490000ff0 Exception <a 'java/lang/OutOfMemoryError'{0x00000000e0004718}> (0x00000000e0004718) 
thrown [src/hotspot/share/gc/shared/memAllocator.cpp, line 136]
Event: 571.184 Thread 0x00007fb524313f00 Exception <a 'java/lang/OutOfMemoryError'{0x00000000e0004718}> (0x00000000e0004718) 
thrown [src/hotspot/share/gc/shared/memAllocator.cpp, line 136]
Event: 573.490 Thread 0x00007fb4941f3a50 Exception <a 'java/lang/OutOfMemoryError'{0x00000000e00043f8}> (0x00000000e00043f8) 
thrown [src/hotspot/share/gc/shared/memAllocator.cpp, line 138]
Event: 573.490 Thread 0x00007fb4941f3a50 Implicit null exception at 0x00007fb512fbd5e6 to 0x00007fb512fbd753
Event: 575.801 Thread 0x00007fb4b8485b90 Exception <a 'java/lang/OutOfMemoryError'{0x00000000e00043f8}> (0x00000000e00043f8) 
thrown [src/hotspot/share/gc/shared/memAllocator.cpp, line 138]
Event: 575.801 Thread 0x00007fb4b8485b90 Implicit null exception at 0x00007fb51322746d to 0x00007fb5132274f9
Event: 578.107 Thread 0x00007fb4941f08b0 Exception <a 'java/lang/OutOfMemoryError'{0x00000000e00043f8}> (0x00000000e00043f8) 
thrown [src/hotspot/share/gc/shared/memAllocator.cpp, line 138]
Event: 578.107 Thread 0x00007fb4941f08b0 Implicit null exception at 0x00007fb513248544 to 0x00007fb513248613
Event: 580.384 Thread 0x00007fb4a0002150 Exception <a 'java/lang/OutOfMemoryError'{0x00000000e00043f8}> (0x00000000e00043f8) 
thrown [src/hotspot/share/gc/shared/memAllocator.cpp, line 138]
Event: 580.384 Thread 0x00007fb4a0002150 Implicit null exception at 0x00007fb512f927cf to 0x00007fb512f927d3
Event: 582.574 Thread 0x00007fb4941f1f00 Exception <a 'java/lang/OutOfMemoryError'{0x00000000e0004718}> (0x00000000e0004718) 
thrown [src/hotspot/share/gc/shared/memAllocator.cpp, line 136]
Event: 585.910 Thread 0x00007fb4941dc1f0 Exception <a 'java/lang/OutOfMemoryError'{0x00000000e00043f8}> (0x00000000e00043f8) 
thrown [src/hotspot/share/gc/shared/memAllocator.cpp, line 138]
Event: 585.910 Thread 0x00007fb4941dc1f0 Implicit null exception at 0x00007fb5130ba201 to 0x00007fb5130ba241
Event: 588.488 Thread 0x00007fb5246363f0 Exception <a 'java/lang/OutOfMemoryError'{0x00000000e0004718}> (0x00000000e0004718) 
thrown [src/hotspot/share/gc/shared/memAllocator.cpp, line 136]
Event: 599.380 Thread 0x00007fb4941f1f00 Exception <a 'java/lang/OutOfMemoryError'{0x00000000e0004718}> (0x00000000e0004718) 
thrown [src/hotspot/share/gc/shared/memAllocator.cpp, line 136]
Event: 613.298 Thread 0x00007fb5246363f0 Exception <a 'java/lang/reflect/InvocationTargetException'{0x00000000f7af1e10}> (0x00000000f7af1e10) 
thrown [src/hotspot/share/runtime/reflection.cpp, line 1119]
Event: 817.473 Thread 0x00007fb4941f1f00 Exception <a 'java/lang/ClassNotFoundException'{0x00000000f7afd1c8}: sun/util/logging/resources/spi/loggingProvider> (0x00000000f7afd1c8) 
thrown [src/hotspot/share/classfile/systemDictionary.cpp, line 256]
Event: 1058.392 Thread 0x00007fb5240b21b0 Exception <a 'java/lang/OutOfMemoryError'{0x00000000e0004718}> (0x00000000e0004718) 
thrown [src/hotspot/share/gc/shared/memAllocator.cpp, line 136]

VM Operations (20 events):
Event: 1044.375 Executing VM operation: ParallelGCFailedAllocation
Event: 1045.667 Executing VM operation: ParallelGCFailedAllocation done
Event: 1045.668 Executing VM operation: ParallelGCFailedAllocation
Event: 1046.864 Executing VM operation: ParallelGCFailedAllocation done
Event: 1046.864 Executing VM operation: ParallelGCFailedAllocation
Event: 1048.080 Executing VM operation: ParallelGCFailedAllocation done
Event: 1048.080 Executing VM operation: ParallelGCFailedAllocation
Event: 1049.360 Executing VM operation: ParallelGCFailedAllocation done
Event: 1049.360 Executing VM operation: ParallelGCFailedAllocation
Event: 1050.661 Executing VM operation: ParallelGCFailedAllocation done
Event: 1050.662 Executing VM operation: ParallelGCFailedAllocation
Event: 1051.889 Executing VM operation: ParallelGCFailedAllocation done
Event: 1051.889 Executing VM operation: ParallelGCFailedAllocation
Event: 1053.163 Executing VM operation: ParallelGCFailedAllocation done
Event: 1053.163 Executing VM operation: ParallelGCFailedAllocation
Event: 1054.408 Executing VM operation: ParallelGCFailedAllocation done
Event: 1054.408 Executing VM operation: ParallelGCFailedAllocation
Event: 1055.760 Executing VM operation: ParallelGCFailedAllocation done
Event: 1055.760 Executing VM operation: ParallelGCFailedAllocation
Event: 1058.392 Executing VM operation: ParallelGCFailedAllocation done

Events (20 events):
Event: 815.072 loading class java/util/logging/Level$RbAccess
Event: 815.072 loading class java/util/logging/Level$RbAccess done
Event: 818.586 loading class sun/util/logging/resources/logging
Event: 818.586 loading class sun/util/logging/resources/logging done
Event: 818.586 loading class sun/util/logging/resources/logging_en
Event: 818.586 loading class sun/util/logging/resources/logging_en done
Event: 818.586 loading class sun/util/logging/resources/logging_en
Event: 818.586 loading class sun/util/logging/resources/logging_en done
Event: 823.869 loading class sun/util/logging/resources/logging_en_US
Event: 823.869 loading class sun/util/logging/resources/logging_en_US done
Event: 823.869 loading class sun/util/logging/resources/logging_en_US
Event: 823.869 loading class sun/util/logging/resources/logging_en_US done
Event: 823.869 loading class java/util/Formatter$DateTime
Event: 823.869 loading class java/util/Formatter$DateTime done
Event: 823.870 loading class java/time/ZonedDateTime$1
Event: 823.870 loading class java/time/ZonedDateTime$1 done
Event: 850.875 Thread 0x00007fb488000ff0 Thread added: 0x00007fb488000ff0
Event: 850.875 Protecting memory [0x00007fb4d1600000,0x00007fb4d1604000] with protection modes 0
Event: 911.400 Thread 0x00007fb488000ff0 Thread exited: 0x00007fb488000ff0
Event: 997.709 Thread 0x00007fb4941f1f00 Thread exited: 0x00007fb4941f1f00


Dynamic libraries:
e0000000-f5580000 rw-p 00000000 00:00 0 
f5580000-fb500000 rw-p 00000000 00:00 0 
fb500000-100000000 ---p 00000000 00:00 0 
800000000-800449000 rw-p 00001000 00:ad7 4611686019135357769             /nix/store/gpxl5qgg8kicmcvivwmybwjlpf7wh20l-graalvm17-ce-22.3.0/lib/server/classes.jsa
800449000-800bc8000 r--p 0044a000 00:ad7 4611686019135357769             /nix/store/gpxl5qgg8kicmcvivwmybwjlpf7wh20l-graalvm17-ce-22.3.0/lib/server/classes.jsa
800bc8000-800c00000 ---p 00000000 00:00 0 
800c00000-800c20000 rw-p 00000000 00:00 0 
800c20000-800c40000 rw-p 00000000 00:00 0 
800c40000-800cc0000 rw-p 00000000 00:00 0 
800cc0000-800d00000 rw-p 00000000 00:00 0 
800d00000-800dc0000 rw-p 00000000 00:00 0 
800dc0000-800e00000 rw-p 00000000 00:00 0 
800e00000-800f40000 rw-p 00000000 00:00 0 
800f40000-800f80000 rw-p 00000000 00:00 0 
800f80000-801000000 rw-p 00000000 00:00 0 
801000000-8011e0000 rw-p 00000000 00:00 0 
8011e0000-840c00000 ---p 00000000 00:00 0 
55a236dff000-55a236e00000 r-xp 00000000 00:ad7 4611686019099417844       /nix/store/gpxl5qgg8kicmcvivwmybwjlpf7wh20l-graalvm17-ce-22.3.0/bin/.java-wrapped
55a236e01000-55a236e02000 r--p 00001000 00:ad7 4611686019099417844       /nix/store/gpxl5qgg8kicmcvivwmybwjlpf7wh20l-graalvm17-ce-22.3.0/bin/.java-wrapped
55a236e02000-55a236e03000 rw-p 00002000 00:ad7 4611686019099417844       /nix/store/gpxl5qgg8kicmcvivwmybwjlpf7wh20l-graalvm17-ce-22.3.0/bin/.java-wrapped
55a236e03000-55a236e04000 rw-p 00004000 00:ad7 4611686019099417844       /nix/store/gpxl5qgg8kicmcvivwmybwjlpf7wh20l-graalvm17-ce-22.3.0/bin/.java-wrapped
55a236e04000-55a236e05000 rw-p 00005000 00:ad7 4611686019099417844       /nix/store/gpxl5qgg8kicmcvivwmybwjlpf7wh20l-graalvm17-ce-22.3.0/bin/.java-wrapped
55a238969000-55a2389b1000 rw-p 00000000 00:00 0                          [heap]
7fb448000000-7fb448021000 rw-p 00000000 00:00 0 
7fb448021000-7fb44c000000 ---p 00000000 00:00 0 
7fb44c000000-7fb44c021000 rw-p 00000000 00:00 0 
7fb44c021000-7fb450000000 ---p 00000000 00:00 0 
7fb450000000-7fb450021000 rw-p 00000000 00:00 0 
7fb450021000-7fb454000000 ---p 00000000 00:00 0 
7fb454000000-7fb454042000 rw-p 00000000 00:00 0 
7fb454042000-7fb458000000 ---p 00000000 00:00 0 
7fb458000000-7fb458057000 rw-p 00000000 00:00 0 
7fb458057000-7fb45c000000 ---p 00000000 00:00 0 
7fb45c000000-7fb45c021000 rw-p 00000000 00:00 0 
7fb45c021000-7fb460000000 ---p 00000000 00:00 0 
7fb460000000-7fb460021000 rw-p 00000000 00:00 0 
7fb460021000-7fb464000000 ---p 00000000 00:00 0 
7fb464000000-7fb46405f000 rw-p 00000000 00:00 0 
7fb46405f000-7fb468000000 ---p 00000000 00:00 0 
7fb468000000-7fb468028000 rw-p 00000000 00:00 0 
7fb468028000-7fb46c000000 ---p 00000000 00:00 0 
7fb46c000000-7fb46c050000 rw-p 00000000 00:00 0 
7fb46c050000-7fb470000000 ---p 00000000 00:00 0 
7fb470000000-7fb470021000 rw-p 00000000 00:00 0 
7fb470021000-7fb474000000 ---p 00000000 00:00 0 
7fb475800000-7fb475bc0000 rw-p 00000000 00:00 0 
7fb475bc0000-7fb475c10000 rw-p 00000000 00:00 0 
7fb475c10000-7fb475d00000 ---p 00000000 00:00 0 
7fb475d00000-7fb475d10000 rw-p 00000000 00:00 0 
7fb475d10000-7fb476000000 ---p 00000000 00:00 0 
7fb478000000-7fb478021000 rw-p 00000000 00:00 0 
7fb478021000-7fb47c000000 ---p 00000000 00:00 0 
7fb47dc00000-7fb47e400000 rw-p 00000000 00:00 0 
7fb47e4b3000-7fb488000000 r--s 00000000 00:ad7 4611686019135192581       /nix/store/gpxl5qgg8kicmcvivwmybwjlpf7wh20l-graalvm17-ce-22.3.0/lib/modules
7fb488000000-7fb488041000 rw-p 00000000 00:00 0 
7fb488041000-7fb48c000000 ---p 00000000 00:00 0 
7fb48c000000-7fb48c0fc000 rw-p 00000000 00:00 0 
7fb48c0fc000-7fb490000000 ---p 00000000 00:00 0 
7fb490000000-7fb490021000 rw-p 00000000 00:00 0 
7fb490021000-7fb494000000 ---p 00000000 00:00 0 
7fb494000000-7fb494209000 rw-p 00000000 00:00 0 
7fb494209000-7fb498000000 ---p 00000000 00:00 0 
7fb498000000-7fb498054000 rw-p 00000000 00:00 0 
7fb498054000-7fb49c000000 ---p 00000000 00:00 0 
7fb49c000000-7fb49c021000 rw-p 00000000 00:00 0 
7fb49c021000-7fb4a0000000 ---p 00000000 00:00 0 
7fb4a0000000-7fb4a0319000 rw-p 00000000 00:00 0 
7fb4a0319000-7fb4a4000000 ---p 00000000 00:00 0 
7fb4a4000000-7fb4a40eb000 rw-p 00000000 00:00 0 
7fb4a40eb000-7fb4a8000000 ---p 00000000 00:00 0 
7fb4a8000000-7fb4a8021000 rw-p 00000000 00:00 0 
7fb4a8021000-7fb4ac000000 ---p 00000000 00:00 0 
7fb4ac000000-7fb4ac0c5000 rw-p 00000000 00:00 0 
7fb4ac0c5000-7fb4b0000000 ---p 00000000 00:00 0 
7fb4b0000000-7fb4b0021000 rw-p 00000000 00:00 0 
7fb4b0021000-7fb4b4000000 ---p 00000000 00:00 0 
7fb4b4000000-7fb4b4063000 rw-p 00000000 00:00 0 
7fb4b4063000-7fb4b8000000 ---p 00000000 00:00 0 
7fb4b8000000-7fb4b88bb000 rw-p 00000000 00:00 0 
7fb4b88bb000-7fb4bc000000 ---p 00000000 00:00 0 
7fb4bc000000-7fb4bc025000 rw-p 00000000 00:00 0 
7fb4bc025000-7fb4c0000000 ---p 00000000 00:00 0 
7fb4c0000000-7fb4c0021000 rw-p 00000000 00:00 0 
7fb4c0021000-7fb4c4000000 ---p 00000000 00:00 0 
7fb4c4000000-7fb4c4021000 rw-p 00000000 00:00 0 
7fb4c4021000-7fb4c8000000 ---p 00000000 00:00 0 
7fb4c8000000-7fb4c8021000 rw-p 00000000 00:00 0 
7fb4c8021000-7fb4cc000000 ---p 00000000 00:00 0 
7fb4cc400000-7fb4cc580000 rw-p 00000000 00:00 0 
7fb4cc580000-7fb4cc600000 rw-p 00000000 00:00 0 
7fb4cc600000-7fb4cc900000 rw-p 00000000 00:00 0 
7fb4cc900000-7fb4cca00000 rw-p 00000000 00:00 0 
7fb4cca00000-7fb4ccc00000 rw-p 00000000 00:00 0 
7fb4ccc00000-7fb4ccd80000 rw-p 00000000 00:00 0 
7fb4ccd80000-7fb4cce00000 rw-p 00000000 00:00 0 
7fb4cce00000-7fb4ccf00000 rw-p 00000000 00:00 0 
7fb4ccf00000-7fb4cd000000 rw-p 00000000 00:00 0 
7fb4cd000000-7fb4cd180000 rw-p 00000000 00:00 0 
7fb4cd180000-7fb4cd300000 rw-p 00000000 00:00 0 
7fb4cd300000-7fb4cd400000 rw-p 00000000 00:00 0 
7fb4cd400000-7fb4cd500000 rw-p 00000000 00:00 0 
7fb4cd500000-7fb4cd600000 rw-p 00000000 00:00 0 
7fb4cd600000-7fb4cdc00000 rw-p 00000000 00:00 0 
7fb4cdc00000-7fb4cdd00000 rw-p 00000000 00:00 0 
7fb4cdd00000-7fb4cde00000 rw-p 00000000 00:00 0 
7fb4cde00000-7fb4ce100000 rw-p 00000000 00:00 0 
7fb4ce100000-7fb4ce200000 rw-p 00000000 00:00 0 
7fb4ce200000-7fb4ce400000 rw-p 00000000 00:00 0 
7fb4ce400000-7fb4ce410000 r-xp 00000000 00:65b 355                       /home/runner/.cache/jdt-language-server/config/org.eclipse.equinox.launcher/org.eclipse.equinox.launcher.gtk.linux.x86_64_1.2.400.v20211117-0650/eclipse_11600.so
7fb4ce410000-7fb4ce60f000 ---p 00010000 00:65b 355                       /home/runner/.cache/jdt-language-server/config/org.eclipse.equinox.launcher/org.eclipse.equinox.launcher.gtk.linux.x86_64_1.2.400.v20211117-0650/eclipse_11600.so
7fb4ce60f000-7fb4ce610000 r--p 0000f000 00:65b 355                       /home/runner/.cache/jdt-language-server/config/org.eclipse.equinox.launcher/org.eclipse.equinox.launcher.gtk.linux.x86_64_1.2.400.v20211117-0650/eclipse_11600.so
7fb4ce610000-7fb4ce611000 rw-p 00010000 00:65b 355                       /home/runner/.cache/jdt-language-server/config/org.eclipse.equinox.launcher/org.eclipse.equinox.launcher.gtk.linux.x86_64_1.2.400.v20211117-0650/eclipse_11600.so
7fb4cf300000-7fb4cf400000 ---p 00000000 00:00 0 
7fb4cf400000-7fb4cf9af000 r--p 01122000 00:ad7 4611686019135190040       /nix/store/gpxl5qgg8kicmcvivwmybwjlpf7wh20l-graalvm17-ce-22.3.0/lib/libjvmcicompiler.so
7fb4cf9af000-7fb4cfb00000 r--p 00000000 00:00 0 
7fb4cfb00000-7fb4cfb3d000 rw-p 00000000 00:00 0 
7fb4cfb3d000-7fb4d005d000 rw-p 0185f000 00:ad7 4611686019135190040       /nix/store/gpxl5qgg8kicmcvivwmybwjlpf7wh20l-graalvm17-ce-22.3.0/lib/libjvmcicompiler.so
7fb4d005d000-7fb4d0444000 r--p 01d7f000 00:ad7 4611686019135190040       /nix/store/gpxl5qgg8kicmcvivwmybwjlpf7wh20l-graalvm17-ce-22.3.0/lib/libjvmcicompiler.so
7fb4d0500000-7fb4d0504000 ---p 00000000 00:00 0 
7fb4d0504000-7fb4d0600000 rw-p 00000000 00:00 0 
7fb4d0700000-7fb4d0704000 ---p 00000000 00:00 0 
7fb4d0704000-7fb4d0800000 rw-p 00000000 00:00 0 
7fb4d0900000-7fb4d0904000 ---p 00000000 00:00 0 
7fb4d0904000-7fb4d0a00000 rw-p 00000000 00:00 0 
7fb4d0b00000-7fb4d0b04000 ---p 00000000 00:00 0 
7fb4d0b04000-7fb4d0c00000 rw-p 00000000 00:00 0 
7fb4d0e00000-7fb4d0e04000 ---p 00000000 00:00 0 
7fb4d0e04000-7fb4d0f00000 rw-p 00000000 00:00 0 
7fb4d1000000-7fb4d1004000 ---p 00000000 00:00 0 
7fb4d1004000-7fb4d1100000 rw-p 00000000 00:00 0 
7fb4d1100000-7fb4d1104000 ---p 00000000 00:00 0 
7fb4d1104000-7fb4d1200000 rw-p 00000000 00:00 0 
7fb4d1200000-7fb4d1204000 ---p 00000000 00:00 0 
7fb4d1204000-7fb4d1300000 rw-p 00000000 00:00 0 
7fb4d1300000-7fb4d1304000 ---p 00000000 00:00 0 
7fb4d1304000-7fb4d1400000 rw-p 00000000 00:00 0 
7fb4d1500000-7fb4d1504000 ---p 00000000 00:00 0 
7fb4d1504000-7fb4d1600000 rw-p 00000000 00:00 0 
7fb4d1600000-7fb4d1604000 ---p 00000000 00:00 0 
7fb4d1604000-7fb4d1700000 rw-p 00000000 00:00 0 
7fb4d1700000-7fb4d1704000 ---p 00000000 00:00 0 
7fb4d1704000-7fb4d1800000 rw-p 00000000 00:00 0 
7fb4d1900000-7fb4d1904000 ---p 00000000 00:00 0 
7fb4d1904000-7fb4d1a00000 rw-p 00000000 00:00 0 
7fb4d1a00000-7fb4d1a04000 ---p 00000000 00:00 0 
7fb4d1a04000-7fb4d1b00000 rw-p 00000000 00:00 0 
7fb4d1b00000-7fb4d1b04000 ---p 00000000 00:00 0 
7fb4d1b04000-7fb4d1c00000 rw-p 00000000 00:00 0 
7fb4d1c00000-7fb4d3d6a000 r-xp 00000000 00:ad7 4611686019135190040       /nix/store/gpxl5qgg8kicmcvivwmybwjlpf7wh20l-graalvm17-ce-22.3.0/lib/libjvmcicompiler.so
7fb4d3d6a000-7fb4d3f69000 ---p 0216a000 00:ad7 4611686019135190040       /nix/store/gpxl5qgg8kicmcvivwmybwjlpf7wh20l-graalvm17-ce-22.3.0/lib/libjvmcicompiler.so
7fb4d3f69000-7fb4d3f6a000 r--p 02169000 00:ad7 4611686019135190040       /nix/store/gpxl5qgg8kicmcvivwmybwjlpf7wh20l-graalvm17-ce-22.3.0/lib/libjvmcicompiler.so
7fb4d3f6a000-7fb4d3f6c000 rw-p 0216a000 00:ad7 4611686019135190040       /nix/store/gpxl5qgg8kicmcvivwmybwjlpf7wh20l-graalvm17-ce-22.3.0/lib/libjvmcicompiler.so
7fb4d3f6c000-7fb4d3f6d000 rw-p 00000000 00:00 0 
7fb4d3f6d000-7fb4d3f72000 rw-p 023c3000 00:ad7 4611686019135190040       /nix/store/gpxl5qgg8kicmcvivwmybwjlpf7wh20l-graalvm17-ce-22.3.0/lib/libjvmcicompiler.so
7fb4d4000000-7fb4d4021000 rw-p 00000000 00:00 0 
7fb4d4021000-7fb4d8000000 ---p 00000000 00:00 0 
7fb4d8000000-7fb4d8021000 rw-p 00000000 00:00 0 
7fb4d8021000-7fb4dc000000 ---p 00000000 00:00 0 
7fb4dc000000-7fb4dc031000 rw-p 00000000 00:00 0 
7fb4dc031000-7fb4e0000000 ---p 00000000 00:00 0 
7fb4e0000000-7fb4e0021000 rw-p 00000000 00:00 0 
7fb4e0021000-7fb4e4000000 ---p 00000000 00:00 0 
7fb4e4000000-7fb4e4110000 rw-p 00000000 00:00 0 
7fb4e4110000-7fb4e8000000 ---p 00000000 00:00 0 
7fb4e8000000-7fb4e8b41000 rw-p 00000000 00:00 0 
7fb4e8b41000-7fb4ec000000 ---p 00000000 00:00 0 
7fb4ec000000-7fb4ec021000 rw-p 00000000 00:00 0 
7fb4ec021000-7fb4f0000000 ---p 00000000 00:00 0 
7fb4f0000000-7fb4f0021000 rw-p 00000000 00:00 0 
7fb4f0021000-7fb4f4000000 ---p 00000000 00:00 0 
7fb4f4000000-7fb4f4021000 rw-p 00000000 00:00 0 
7fb4f4021000-7fb4f8000000 ---p 00000000 00:00 0 
7fb4f8000000-7fb4f8021000 rw-p 00000000 00:00 0 
7fb4f8021000-7fb4fc000000 ---p 00000000 00:00 0 
7fb4fc000000-7fb4fc021000 rw-p 00000000 00:00 0 
7fb4fc021000-7fb500000000 ---p 00000000 00:00 0 
7fb500000000-7fb500021000 rw-p 00000000 00:00 0 
7fb500021000-7fb504000000 ---p 00000000 00:00 0 
7fb504000000-7fb5041d5000 rw-p 00000000 00:00 0 
7fb5041d5000-7fb508000000 ---p 00000000 00:00 0 
7fb508100000-7fb508104000 ---p 00000000 00:00 0 
7fb508104000-7fb508200000 rw-p 00000000 00:00 0 
7fb508300000-7fb508304000 ---p 00000000 00:00 0 
7fb508304000-7fb508400000 rw-p 00000000 00:00 0 
7fb508400000-7fb508404000 ---p 00000000 00:00 0 
7fb508404000-7fb508500000 rw-p 00000000 00:00 0 
7fb508500000-7fb508504000 ---p 00000000 00:00 0 
7fb508504000-7fb508600000 rw-p 00000000 00:00 0 
7fb508700000-7fb508704000 ---p 00000000 00:00 0 
7fb508704000-7fb508800000 rw-p 00000000 00:00 0 
7fb508900000-7fb508904000 ---p 00000000 00:00 0 
7fb508904000-7fb508a00000 rw-p 00000000 00:00 0 
7fb508a00000-7fb508a04000 ---p 00000000 00:00 0 
7fb508a04000-7fb508b00000 rw-p 00000000 00:00 0 
7fb508b00000-7fb508b04000 ---p 00000000 00:00 0 
7fb508b04000-7fb508c00000 rw-p 00000000 00:00 0 
7fb508c00000-7fb508c04000 ---p 00000000 00:00 0 
7fb508c04000-7fb508d00000 rw-p 00000000 00:00 0 
7fb508d00000-7fb508d04000 ---p 00000000 00:00 0 
7fb508d04000-7fb508e00000 rw-p 00000000 00:00 0 
7fb508f00000-7fb508f04000 ---p 00000000 00:00 0 
7fb508f04000-7fb509000000 rw-p 00000000 00:00 0 
7fb509100000-7fb509104000 ---p 00000000 00:00 0 
7fb509104000-7fb509200000 rw-p 00000000 00:00 0 
7fb509c68000-7fb50a100000 rw-p 00000000 00:00 0 
7fb50a1fe000-7fb50a202000 ---p 00000000 00:00 0 
7fb50a202000-7fb50a2fe000 rw-p 00000000 00:00 0 
7fb50a2fe000-7fb50a302000 ---p 00000000 00:00 0 
7fb50a302000-7fb50a3fe000 rw-p 00000000 00:00 0 
7fb50a3fe000-7fb50a3ff000 ---p 00000000 00:00 0 
7fb50a3ff000-7fb50a500000 rw-p 00000000 00:00 0 
7fb50a500000-7fb50a504000 ---p 00000000 00:00 0 
7fb50a504000-7fb50a600000 rw-p 00000000 00:00 0 
7fb50a600000-7fb50a604000 ---p 00000000 00:00 0 
7fb50a604000-7fb50a700000 rw-p 00000000 00:00 0 
7fb50a700000-7fb50a704000 ---p 00000000 00:00 0 
7fb50a704000-7fb50a800000 rw-p 00000000 00:00 0 
7fb50a800000-7fb50a804000 ---p 00000000 00:00 0 
7fb50a804000-7fb50aa00000 rw-p 00000000 00:00 0 
7fb50aa00000-7fb50aa04000 ---p 00000000 00:00 0 
7fb50aa04000-7fb50b000000 rw-p 00000000 00:00 0 
7fb50b000000-7fb50b300000 rw-p 00000000 00:00 0 
7fb50b300000-7fb50b400000 rw-p 00000000 00:00 0 
7fb50b4b3000-7fb50b723000 rwxp 00000000 00:00 0 
7fb50b723000-7fb50ba42000 ---p 00000000 00:00 0 
7fb50ba42000-7fb50cae2000 rwxp 00000000 00:00 0 
7fb50cae2000-7fb512f7a000 ---p 00000000 00:00 0 
7fb512f7a000-7fb51326a000 rwxp 00000000 00:00 0 
7fb51326a000-7fb51a4b3000 ---p 00000000 00:00 0 
7fb51a4b3000-7fb524000000 r--s 00000000 00:ad7 4611686019135192581       /nix/store/gpxl5qgg8kicmcvivwmybwjlpf7wh20l-graalvm17-ce-22.3.0/lib/modules
7fb524000000-7fb52463b000 rw-p 00000000 00:00 0 
7fb52463b000-7fb528000000 ---p 00000000 00:00 0 
7fb528002000-7fb528004000 r-xp 00000000 00:ad7 4611686019135190017       /nix/store/gpxl5qgg8kicmcvivwmybwjlpf7wh20l-graalvm17-ce-22.3.0/lib/libextnet.so
7fb528004000-7fb528005000 r--p 00001000 00:ad7 4611686019135190017       /nix/store/gpxl5qgg8kicmcvivwmybwjlpf7wh20l-graalvm17-ce-22.3.0/lib/libextnet.so
7fb528005000-7fb528006000 rw-p 00002000 00:ad7 4611686019135190017       /nix/store/gpxl5qgg8kicmcvivwmybwjlpf7wh20l-graalvm17-ce-22.3.0/lib/libextnet.so
7fb528006000-7fb528007000 rw-p 00004000 00:ad7 4611686019135190017       /nix/store/gpxl5qgg8kicmcvivwmybwjlpf7wh20l-graalvm17-ce-22.3.0/lib/libextnet.so
7fb528007000-7fb52800b000 ---p 00000000 00:00 0 
7fb52800b000-7fb528029000 rw-p 00000000 00:00 0 
7fb528029000-7fb528030000 r-xp 00000000 00:ad7 4611686019135192580       /nix/store/gpxl5qgg8kicmcvivwmybwjlpf7wh20l-graalvm17-ce-22.3.0/lib/libzip.so
7fb528030000-7fb528031000 ---p 00007000 00:ad7 4611686019135192580       /nix/store/gpxl5qgg8kicmcvivwmybwjlpf7wh20l-graalvm17-ce-22.3.0/lib/libzip.so
7fb528031000-7fb528032000 r--p 00007000 00:ad7 4611686019135192580       /nix/store/gpxl5qgg8kicmcvivwmybwjlpf7wh20l-graalvm17-ce-22.3.0/lib/libzip.so
7fb528032000-7fb528033000 rw-p 00008000 00:ad7 4611686019135192580       /nix/store/gpxl5qgg8kicmcvivwmybwjlpf7wh20l-graalvm17-ce-22.3.0/lib/libzip.so
7fb528033000-7fb528035000 rw-p 0000b000 00:ad7 4611686019135192580       /nix/store/gpxl5qgg8kicmcvivwmybwjlpf7wh20l-graalvm17-ce-22.3.0/lib/libzip.so
7fb528035000-7fb52804a000 r-xp 00000000 00:ad7 4611686019135192570       /nix/store/gpxl5qgg8kicmcvivwmybwjlpf7wh20l-graalvm17-ce-22.3.0/lib/libnet.so
7fb52804a000-7fb52804b000 ---p 00015000 00:ad7 4611686019135192570       /nix/store/gpxl5qgg8kicmcvivwmybwjlpf7wh20l-graalvm17-ce-22.3.0/lib/libnet.so
7fb52804b000-7fb52804c000 r--p 00015000 00:ad7 4611686019135192570       /nix/store/gpxl5qgg8kicmcvivwmybwjlpf7wh20l-graalvm17-ce-22.3.0/lib/libnet.so
7fb52804c000-7fb52804d000 rw-p 00016000 00:ad7 4611686019135192570       /nix/store/gpxl5qgg8kicmcvivwmybwjlpf7wh20l-graalvm17-ce-22.3.0/lib/libnet.so
7fb52804d000-7fb528050000 rw-p 0001b000 00:ad7 4611686019135192570       /nix/store/gpxl5qgg8kicmcvivwmybwjlpf7wh20l-graalvm17-ce-22.3.0/lib/libnet.so
7fb528050000-7fb528063000 r-xp 00000000 00:ad7 4611686019135192571       /nix/store/gpxl5qgg8kicmcvivwmybwjlpf7wh20l-graalvm17-ce-22.3.0/lib/libnio.so
7fb528063000-7fb528064000 r--p 00012000 00:ad7 4611686019135192571       /nix/store/gpxl5qgg8kicmcvivwmybwjlpf7wh20l-graalvm17-ce-22.3.0/lib/libnio.so
7fb528064000-7fb528065000 rw-p 00013000 00:ad7 4611686019135192571       /nix/store/gpxl5qgg8kicmcvivwmybwjlpf7wh20l-graalvm17-ce-22.3.0/lib/libnio.so
7fb528065000-7fb52806a000 rw-p 00019000 00:ad7 4611686019135192571       /nix/store/gpxl5qgg8kicmcvivwmybwjlpf7wh20l-graalvm17-ce-22.3.0/lib/libnio.so
7fb52806a000-7fb52806e000 ---p 00000000 00:00 0 
7fb52806e000-7fb52816a000 rw-p 00000000 00:00 0 
7fb52816a000-7fb52816e000 ---p 00000000 00:00 0 
7fb52816e000-7fb52826a000 rw-p 00000000 00:00 0 
7fb52826a000-7fb52826e000 ---p 00000000 00:00 0 
7fb52826e000-7fb52836a000 rw-p 00000000 00:00 0 
7fb52836a000-7fb528650000 r--p 00000000 00:5f0 28444448                  /usr/lib/locale/locale-archive
7fb528650000-7fb528654000 ---p 00000000 00:00 0 
7fb528654000-7fb528750000 rw-p 00000000 00:00 0 
7fb528750000-7fb528754000 ---p 00000000 00:00 0 
7fb528754000-7fb528850000 rw-p 00000000 00:00 0 
7fb528850000-7fb528851000 ---p 00000000 00:00 0 
7fb528851000-7fb528952000 rw-p 00000000 00:00 0 
7fb528952000-7fb528a20000 r-xp 00000000 00:ad7 4611686019135190036       /nix/store/gpxl5qgg8kicmcvivwmybwjlpf7wh20l-graalvm17-ce-22.3.0/lib/libjsvml.so
7fb528a20000-7fb528a21000 r--p 000cd000 00:ad7 4611686019135190036       /nix/store/gpxl5qgg8kicmcvivwmybwjlpf7wh20l-graalvm17-ce-22.3.0/lib/libjsvml.so
7fb528a21000-7fb528a22000 rw-p 000ce000 00:ad7 4611686019135190036       /nix/store/gpxl5qgg8kicmcvivwmybwjlpf7wh20l-graalvm17-ce-22.3.0/lib/libjsvml.so
7fb528a22000-7fb52a2fa000 rw-p 00000000 00:00 0 
7fb52a2fa000-7fb52a2fb000 ---p 00000000 00:00 0 
7fb52a2fb000-7fb52a4a6000 rw-p 00000000 00:00 0 
7fb52a4a6000-7fb52a4d7000 rw-p 00000000 00:00 0 
7fb52a4d7000-7fb52a4fc000 ---p 00000000 00:00 0 
7fb52a4fc000-7fb52a503000 rw-p 00000000 00:00 0 
7fb52a503000-7fb52a5e8000 ---p 00000000 00:00 0 
7fb52a5e8000-7fb52a60a000 rw-p 00000000 00:00 0 
7fb52a60a000-7fb52a6d3000 ---p 00000000 00:00 0 
7fb52a6d3000-7fb52a6d8000 rw-p 00000000 00:00 0 
7fb52a6d8000-7fb52a6df000 ---p 00000000 00:00 0 
7fb52a6df000-7fb52a703000 r-xp 00000000 00:ad7 4611686019135190028       /nix/store/gpxl5qgg8kicmcvivwmybwjlpf7wh20l-graalvm17-ce-22.3.0/lib/libjava.so
7fb52a703000-7fb52a704000 ---p 00024000 00:ad7 4611686019135190028       /nix/store/gpxl5qgg8kicmcvivwmybwjlpf7wh20l-graalvm17-ce-22.3.0/lib/libjava.so
7fb52a704000-7fb52a705000 r--p 00024000 00:ad7 4611686019135190028       /nix/store/gpxl5qgg8kicmcvivwmybwjlpf7wh20l-graalvm17-ce-22.3.0/lib/libjava.so
7fb52a705000-7fb52a706000 rw-p 00025000 00:ad7 4611686019135190028       /nix/store/gpxl5qgg8kicmcvivwmybwjlpf7wh20l-graalvm17-ce-22.3.0/lib/libjava.so
7fb52a706000-7fb52a707000 rw-p 00000000 00:00 0 
7fb52a707000-7fb52a70e000 rw-p 0002f000 00:ad7 4611686019135190028       /nix/store/gpxl5qgg8kicmcvivwmybwjlpf7wh20l-graalvm17-ce-22.3.0/lib/libjava.so
7fb52a70e000-7fb52a716000 rw-s 00000000 00:12f 352                       /tmp/hsperfdata_runner/26
7fb52a716000-7fb52a717000 ---p 00000000 00:00 0 
7fb52a717000-7fb52a718000 r--p 00000000 00:00 0 
7fb52a718000-7fb52a719000 rwxp 00000000 00:00 0 
7fb52a719000-7fb52a734000 r-xp 00000000 00:ad7 4611686019135190032       /nix/store/gpxl5qgg8kicmcvivwmybwjlpf7wh20l-graalvm17-ce-22.3.0/lib/libjimage.so
7fb52a734000-7fb52a735000 ---p 0001b000 00:ad7 4611686019135190032       /nix/store/gpxl5qgg8kicmcvivwmybwjlpf7wh20l-graalvm17-ce-22.3.0/lib/libjimage.so
7fb52a735000-7fb52a737000 r--p 0001b000 00:ad7 4611686019135190032       /nix/store/gpxl5qgg8kicmcvivwmybwjlpf7wh20l-graalvm17-ce-22.3.0/lib/libjimage.so
7fb52a737000-7fb52a738000 rw-p 0001d000 00:ad7 4611686019135190032       /nix/store/gpxl5qgg8kicmcvivwmybwjlpf7wh20l-graalvm17-ce-22.3.0/lib/libjimage.so
7fb52a738000-7fb52a739000 rw-p 00024000 00:ad7 4611686019135190032       /nix/store/gpxl5qgg8kicmcvivwmybwjlpf7wh20l-graalvm17-ce-22.3.0/lib/libjimage.so
7fb52a739000-7fb52a73d000 ---p 00000000 00:00 0 
7fb52a73d000-7fb52a839000 rw-p 00000000 00:00 0 
7fb52a839000-7fb52a847000 r--p 00000000 00:ad7 4611686019027979927       /nix/store/4nlgxhb09sdr51nc9hdm8az5b08vzkgx-glibc-2.35-163/lib/libm.so.6
7fb52a847000-7fb52a8ba000 r-xp 0000e000 00:ad7 4611686019027979927       /nix/store/4nlgxhb09sdr51nc9hdm8az5b08vzkgx-glibc-2.35-163/lib/libm.so.6
7fb52a8ba000-7fb52a917000 r--p 00081000 00:ad7 4611686019027979927       /nix/store/4nlgxhb09sdr51nc9hdm8az5b08vzkgx-glibc-2.35-163/lib/libm.so.6
7fb52a917000-7fb52a918000 r--p 000dd000 00:ad7 4611686019027979927       /nix/store/4nlgxhb09sdr51nc9hdm8az5b08vzkgx-glibc-2.35-163/lib/libm.so.6
7fb52a918000-7fb52a919000 rw-p 000de000 00:ad7 4611686019027979927       /nix/store/4nlgxhb09sdr51nc9hdm8az5b08vzkgx-glibc-2.35-163/lib/libm.so.6
7fb52a919000-7fb52a91a000 r--p 00000000 00:ad7 4611686019027979946       /nix/store/4nlgxhb09sdr51nc9hdm8az5b08vzkgx-glibc-2.35-163/lib/librt.so.1
7fb52a91a000-7fb52a91b000 r-xp 00001000 00:ad7 4611686019027979946       /nix/store/4nlgxhb09sdr51nc9hdm8az5b08vzkgx-glibc-2.35-163/lib/librt.so.1
7fb52a91b000-7fb52a91c000 r--p 00002000 00:ad7 4611686019027979946       /nix/store/4nlgxhb09sdr51nc9hdm8az5b08vzkgx-glibc-2.35-163/lib/librt.so.1
7fb52a91c000-7fb52a91d000 r--p 00002000 00:ad7 4611686019027979946       /nix/store/4nlgxhb09sdr51nc9hdm8az5b08vzkgx-glibc-2.35-163/lib/librt.so.1
7fb52a91d000-7fb52a91e000 rw-p 00003000 00:ad7 4611686019027979946       /nix/store/4nlgxhb09sdr51nc9hdm8az5b08vzkgx-glibc-2.35-163/lib/librt.so.1
7fb52a91e000-7fb52ba31000 r-xp 00000000 00:ad7 4611686019135360866       /nix/store/gpxl5qgg8kicmcvivwmybwjlpf7wh20l-graalvm17-ce-22.3.0/lib/server/libjvm.so
7fb52ba31000-7fb52ba32000 ---p 01113000 00:ad7 4611686019135360866       /nix/store/gpxl5qgg8kicmcvivwmybwjlpf7wh20l-graalvm17-ce-22.3.0/lib/server/libjvm.so
7fb52ba32000-7fb52bae7000 r--p 01113000 00:ad7 4611686019135360866       /nix/store/gpxl5qgg8kicmcvivwmybwjlpf7wh20l-graalvm17-ce-22.3.0/lib/server/libjvm.so
7fb52bae7000-7fb52bb1b000 rw-p 011c8000 00:ad7 4611686019135360866       /nix/store/gpxl5qgg8kicmcvivwmybwjlpf7wh20l-graalvm17-ce-22.3.0/lib/server/libjvm.so
7fb52bb1b000-7fb52bb77000 rw-p 00000000 00:00 0 
7fb52bb77000-7fb52bb9f000 r--p 00000000 00:ad7 4611686019027979918       /nix/store/4nlgxhb09sdr51nc9hdm8az5b08vzkgx-glibc-2.35-163/lib/libc.so.6
7fb52bb9f000-7fb52bd15000 r-xp 00028000 00:ad7 4611686019027979918       /nix/store/4nlgxhb09sdr51nc9hdm8az5b08vzkgx-glibc-2.35-163/lib/libc.so.6
7fb52bd15000-7fb52bd6d000 r--p 0019e000 00:ad7 4611686019027979918       /nix/store/4nlgxhb09sdr51nc9hdm8az5b08vzkgx-glibc-2.35-163/lib/libc.so.6
7fb52bd6d000-7fb52bd71000 r--p 001f6000 00:ad7 4611686019027979918       /nix/store/4nlgxhb09sdr51nc9hdm8az5b08vzkgx-glibc-2.35-163/lib/libc.so.6
7fb52bd71000-7fb52bd73000 rw-p 001fa000 00:ad7 4611686019027979918       /nix/store/4nlgxhb09sdr51nc9hdm8az5b08vzkgx-glibc-2.35-163/lib/libc.so.6
7fb52bd73000-7fb52bd82000 rw-p 00000000 00:00 0 
7fb52bd82000-7fb52bd83000 r--p 00000000 00:ad7 4611686019027979923       /nix/store/4nlgxhb09sdr51nc9hdm8az5b08vzkgx-glibc-2.35-163/lib/libdl.so.2
7fb52bd83000-7fb52bd84000 r-xp 00001000 00:ad7 4611686019027979923       /nix/store/4nlgxhb09sdr51nc9hdm8az5b08vzkgx-glibc-2.35-163/lib/libdl.so.2
7fb52bd84000-7fb52bd85000 r--p 00002000 00:ad7 4611686019027979923       /nix/store/4nlgxhb09sdr51nc9hdm8az5b08vzkgx-glibc-2.35-163/lib/libdl.so.2
7fb52bd85000-7fb52bd86000 r--p 00002000 00:ad7 4611686019027979923       /nix/store/4nlgxhb09sdr51nc9hdm8az5b08vzkgx-glibc-2.35-163/lib/libdl.so.2
7fb52bd86000-7fb52bd87000 rw-p 00003000 00:ad7 4611686019027979923       /nix/store/4nlgxhb09sdr51nc9hdm8az5b08vzkgx-glibc-2.35-163/lib/libdl.so.2
7fb52bd87000-7fb52bd88000 r--p 00000000 00:ad7 4611686019027979942       /nix/store/4nlgxhb09sdr51nc9hdm8az5b08vzkgx-glibc-2.35-163/lib/libpthread.so.0
7fb52bd88000-7fb52bd89000 r-xp 00001000 00:ad7 4611686019027979942       /nix/store/4nlgxhb09sdr51nc9hdm8az5b08vzkgx-glibc-2.35-163/lib/libpthread.so.0
7fb52bd89000-7fb52bd8a000 r--p 00002000 00:ad7 4611686019027979942       /nix/store/4nlgxhb09sdr51nc9hdm8az5b08vzkgx-glibc-2.35-163/lib/libpthread.so.0
7fb52bd8a000-7fb52bd8b000 r--p 00002000 00:ad7 4611686019027979942       /nix/store/4nlgxhb09sdr51nc9hdm8az5b08vzkgx-glibc-2.35-163/lib/libpthread.so.0
7fb52bd8b000-7fb52bd8c000 rw-p 00003000 00:ad7 4611686019027979942       /nix/store/4nlgxhb09sdr51nc9hdm8az5b08vzkgx-glibc-2.35-163/lib/libpthread.so.0
7fb52bd8c000-7fb52bd9a000 r-xp 00000000 00:ad7 4611686019135190033       /nix/store/gpxl5qgg8kicmcvivwmybwjlpf7wh20l-graalvm17-ce-22.3.0/lib/libjli.so
7fb52bd9a000-7fb52bd9b000 ---p 0000e000 00:ad7 4611686019135190033       /nix/store/gpxl5qgg8kicmcvivwmybwjlpf7wh20l-graalvm17-ce-22.3.0/lib/libjli.so
7fb52bd9b000-7fb52bd9c000 r--p 0000e000 00:ad7 4611686019135190033       /nix/store/gpxl5qgg8kicmcvivwmybwjlpf7wh20l-graalvm17-ce-22.3.0/lib/libjli.so
7fb52bd9c000-7fb52bd9d000 rw-p 0000f000 00:ad7 4611686019135190033       /nix/store/gpxl5qgg8kicmcvivwmybwjlpf7wh20l-graalvm17-ce-22.3.0/lib/libjli.so
7fb52bd9d000-7fb52bd9e000 rw-p 00012000 00:ad7 4611686019135190033       /nix/store/gpxl5qgg8kicmcvivwmybwjlpf7wh20l-graalvm17-ce-22.3.0/lib/libjli.so
7fb52bd9e000-7fb52bda1000 r--p 00000000 00:ad7 4611686019106210071       /nix/store/026hln0aq1hyshaxsdvhg0kmcm6yf45r-zlib-1.2.13/lib/libz.so.1.2.13
7fb52bda1000-7fb52bdb3000 r-xp 00003000 00:ad7 4611686019106210071       /nix/store/026hln0aq1hyshaxsdvhg0kmcm6yf45r-zlib-1.2.13/lib/libz.so.1.2.13
7fb52bdb3000-7fb52bdba000 r--p 00015000 00:ad7 4611686019106210071       /nix/store/026hln0aq1hyshaxsdvhg0kmcm6yf45r-zlib-1.2.13/lib/libz.so.1.2.13
7fb52bdba000-7fb52bdbb000 r--p 0001b000 00:ad7 4611686019106210071       /nix/store/026hln0aq1hyshaxsdvhg0kmcm6yf45r-zlib-1.2.13/lib/libz.so.1.2.13
7fb52bdbb000-7fb52bdbc000 rw-p 0001c000 00:ad7 4611686019106210071       /nix/store/026hln0aq1hyshaxsdvhg0kmcm6yf45r-zlib-1.2.13/lib/libz.so.1.2.13
7fb52bdbc000-7fb52bdbe000 rw-p 00000000 00:00 0 
7fb52bdbe000-7fb52bdc0000 r--p 00000000 00:ad7 4611686019027979912       /nix/store/4nlgxhb09sdr51nc9hdm8az5b08vzkgx-glibc-2.35-163/lib/ld-linux-x86-64.so.2
7fb52bdc0000-7fb52bde7000 r-xp 00002000 00:ad7 4611686019027979912       /nix/store/4nlgxhb09sdr51nc9hdm8az5b08vzkgx-glibc-2.35-163/lib/ld-linux-x86-64.so.2
7fb52bde7000-7fb52bdf3000 r--p 00029000 00:ad7 4611686019027979912       /nix/store/4nlgxhb09sdr51nc9hdm8az5b08vzkgx-glibc-2.35-163/lib/ld-linux-x86-64.so.2
7fb52bdf3000-7fb52bdf5000 r--p 00034000 00:ad7 4611686019027979912       /nix/store/4nlgxhb09sdr51nc9hdm8az5b08vzkgx-glibc-2.35-163/lib/ld-linux-x86-64.so.2
7fb52bdf5000-7fb52bdf7000 rw-p 00036000 00:ad7 4611686019027979912       /nix/store/4nlgxhb09sdr51nc9hdm8az5b08vzkgx-glibc-2.35-163/lib/ld-linux-x86-64.so.2
7ffc841e0000-7ffc84204000 rw-p 00000000 00:00 0                          [stack]
7ffc84221000-7ffc84225000 r--p 00000000 00:00 0                          [vvar]
7ffc84225000-7ffc84227000 r-xp 00000000 00:00 0                          [vdso]
ffffffffff600000-ffffffffff601000 --xp 00000000 00:00 0                  [vsyscall]


VM Arguments:
jvm_args: -XX:ThreadPriorityPolicy=1 -XX:+UnlockExperimentalVMOptions -XX:+EnableJVMCIProduct -XX:JVMCIThreadsPerNativeLibraryRuntime=1 -XX:-UnlockExperimentalVMOptions -Declipse.application=org.eclipse.jdt.ls.core.id1 -Dosgi.bundles.defaultStartLevel=4 -Declipse.product=org.eclipse.jdt.ls.core.product -Dlog.level=ALL -Xverify:none -XX:+UseParallelGC -XX:GCTimeRatio=4 -XX:AdaptiveSizePolicyWeight=90 -Dsun.zip.disableMemoryMapping=true -Xmx512m -Xms100m 
java_command: /nix/store/m6gcpi1ii6rghy04cjwjddcavv7i90df-jdt-language-server-1.9.0/share/java/plugins/org.eclipse.equinox.launcher_1.6.400.v20210924-0641.jar --add-modules=ALL-SYSTEM --add-opens java.base/java.util=ALL-UNNAMED --add-opens java.base/java.lang=ALL-UNNAMED -configuration /home/runner/.cache/jdt-language-server/config -data /home/runner/.cache/jdt-language-server/data/home/runner/PA4
java_class_path (initial): /nix/store/m6gcpi1ii6rghy04cjwjddcavv7i90df-jdt-language-server-1.9.0/share/java/plugins/org.eclipse.equinox.launcher_1.6.400.v20210924-0641.jar
Launcher Type: SUN_STANDARD

[Global flags]
    uintx AdaptiveSizePolicyWeight                 = 90                                        {product} {command line}
     intx CICompilerCount                          = 2                                         {product} {ergonomic}
     bool EnableJVMCIProduct                       = true                                {JVMCI product} {jimage}
    uintx GCTimeRatio                              = 4                                         {product} {command line}
   size_t InitialHeapSize                          = 104857600                                 {product} {command line}
     uint JVMCIThreadsPerNativeLibraryRuntime      = 1                                   {JVMCI product} {jimage}
   size_t MaxHeapSize                              = 536870912                                 {product} {command line}
   size_t MaxNewSize                               = 178782208                                 {product} {ergonomic}
   size_t MinHeapDeltaBytes                        = 524288                                    {product} {ergonomic}
   size_t MinHeapSize                              = 104857600                                 {product} {command line}
   size_t NewSize                                  = 34603008                                  {product} {ergonomic}
    uintx NonNMethodCodeHeapSize                   = 5826188                                {pd product} {ergonomic}
    uintx NonProfiledCodeHeapSize                  = 122916026                              {pd product} {ergonomic}
   size_t OldSize                                  = 70254592                                  {product} {ergonomic}
    uintx ProfiledCodeHeapSize                     = 122916026                              {pd product} {ergonomic}
    uintx ReservedCodeCacheSize                    = 251658240                              {pd product} {ergonomic}
     bool SegmentedCodeCache                       = true                                      {product} {ergonomic}
   size_t SoftMaxHeapSize                          = 536870912                              {manageable} {ergonomic}
     intx ThreadPriorityPolicy                     = 1                                         {product} {jimage}
     bool UseCompressedClassPointers               = true                           {product lp64_product} {ergonomic}
     bool UseCompressedOops                        = true                           {product lp64_product} {ergonomic}
     bool UseParallelGC                            = true                                      {product} {command line}

Logging:
Log output configuration:
 #0: stdout all=warning uptime,level,tags
 #1: stderr all=off uptime,level,tags

Environment Variables:
JAVA_HOME=/nix/store/gpxl5qgg8kicmcvivwmybwjlpf7wh20l-graalvm17-ce-22.3.0
PATH=/nix/store/1d6ian3r8kdzspw8hacjhl3xkp40g1lj-binutils-wrapper-2.39/bin:/nix/store/dq0xwmsk1g0i2ayg6pb7y87na2knzylh-gcc-wrapper-11.3.0/bin:/nix/store/bap4d0lpcrhpwmpb8ayjcgkmvfj62lnq-bash-interactive-5.1-p16/bin:/nix/store/pr5n59mb4jzmfx6kanwxly0l07p861fg-patchelf-0.15.0/bin:/nix/store/1gf2flfqnpqbr1b4p4qz2f72y42bs56r-gcc-11.3.0/bin:/nix/store/57xv61c5zi8pphjbcwxxjlgc34p61ic9-glibc-2.35-163-bin/bin:/nix/store/a7gvj343m05j2s32xcnwr35v31ynlypr-coreutils-9.1/bin:/nix/store/039g378vc3pc3dvi9dzdlrd0i4q93qwf-binutils-2.39/bin:/nix/store/gpxl5qgg8kicmcvivwmybwjlpf7wh20l-graalvm17-ce-22.3.0/bin:/nix/store/6z9ag3ihc8mq2hzsw48lhbznvzny65nz-apache-maven-3.8.6/bin:/nix/store/m6gcpi1ii6rghy04cjwjddcavv7i90df-jdt-language-server-1.9.0/bin:/nix/store/84xs5alhs01zrbr4ywm05kxbjbp5590l-java-debug/bin:/nix/store/mydc6f4k2z73xlcz7ilif3v2lcaiqvza-findutils-4.9.0/bin:/nix/store/j9p3g8472iijd50vhdprx0nmk2fqn5gv-diffutils-3.8/bin:/nix/store/89zs7rms6x00xfq4dq6m7mjnhkr8a6r4-gnused-4.8/bin:/nix/store/86bp03jkmsl6f92w0yzg4s59g5mhxwmy-gnugrep-3.7/bin:/nix/store/hwcdqw4jrjnd37wxqgsd47hd0j8bnj09-gawk-5.1.1/bin:/nix/store/cfbhw8r8ags41vwqaz47r583d0p4h4a1-gnutar-1.34/bin:/nix/store/p3m1ndl1lapwrlh698bnb5lvvxh67378-gzip-1.12/bin:/nix/store/a8mhcagrsly7c7mpjrpsnaahk4aax056-bzip2-1.0.8-bin/bin:/nix/store/mblgz65m3zv9x548a3d5m96fj2pbwr09-gnumake-4.3/bin:/nix/store/dsd5gz46hdbdk2rfdimqddhq6m8m8fqs-bash-5.1-p16/bin:/nix/store/v7ljksji50mg3w61dykaa3n3y79n6nil-patch-2.7.6/bin:/nix/store/zlcnmqq14jz5x9439jf937mvayyl63da-xz-5.2.7-bin/bin:/nix/store/y6aj732zm9m87c82fpvf103a1xb22blp-file-5.43/bin:/nix/store/sgqd0ajghcv2axfl1lad0b1alyavp0dc-prybar-elisp-0.0.0-67f7a00/bin:/nix/store/p3hsvljpgs68jqwar41lc0jqhjj734lf-prybar-lua-0.0.0-67f7a00/bin:/nix/store/qzxs2gybds3s9kb1vkaflpgm2nwr85fh-prybar-python3-0.0.0-67f7a00/bin:/nix/store/km94z9mxp8w4m8gxxp5mbfpdf3nkfvd8-prybar-sqlite-0.0.0-67f7a00/bin:/nix/store/2pnc7b76asw0z59c4l6h6qy8arwqrii1-prybar-tcl-0.0.0-67f7a00/bin:/nix/store/hpbvrlwd5viqmvcaisb3x0118i913a9n-st
LD_LIBRARY_PATH=/nix/store/a4pff549sk2idnkpzk5nsfps3mdkdnvm-cups-2.4.2-lib/lib:/nix/store/72mqxxhh3cy5yifh92wh2yb8cl2hikyy-cairo-1.16.0/lib:/nix/store/2k366jrbsra97gjfxwvrhvixjfxdach5-glib-2.74.1/lib:/nix/store/2j2znigd8ak37rlwh9khz0ry3clqlw1l-gtk+3-3.24.34/lib:/nix/store/hisqvx32cd57apbpcsnkpx6k3549wql1-libglvnd-1.4.0/lib:/nix/store/p36pgcv991mq5srvg765b78yqpxvk3qs-mesa-21.3.3-drivers/lib:/nix/store/mav4251if1ahjq5vkpwycyyvnmy459c4-pulseaudio-14.2/lib
DISPLAY=:0
LANG=en_US.UTF-8

Signal Handlers:
   SIGSEGV: crash_handler in libjvm.so, mask=11100100010111111101111111111110, flags=SA_RESTART|SA_SIGINFO
    SIGBUS: crash_handler in libjvm.so, mask=11100100010111111101111111111110, flags=SA_RESTART|SA_SIGINFO
    SIGFPE: crash_handler in libjvm.so, mask=11100100010111111101111111111110, flags=SA_RESTART|SA_SIGINFO
   SIGPIPE: IsolateEnterStub_IgnoreSIGPIPEStartupHook_noopSignalHandler_8f19bff2f35b5f630d83b364d6b2339320d4ec70_216e8361c6bc87a8f89f58cc10d3b2fd4415bf87 in libjvmcicompiler.so, mask=00000000000000000000000000000000, flags=SA_RESTART
  *** Handler was modified!
  *** Expected: javaSignalHandler in libjvm.so, mask=11100100110111111111111111111110, flags=SA_RESTART|SA_SIGINFO
   SIGXFSZ: javaSignalHandler in libjvm.so, mask=11100100010111111101111111111110, flags=SA_RESTART|SA_SIGINFO
    SIGILL: crash_handler in libjvm.so, mask=11100100010111111101111111111110, flags=SA_RESTART|SA_SIGINFO
   SIGUSR2: SR_handler in libjvm.so, mask=00000000000000000000000000000000, flags=SA_RESTART|SA_SIGINFO
    SIGHUP: UserHandler in libjvm.so, mask=11100100010111111101111111111110, flags=SA_RESTART|SA_SIGINFO
    SIGINT: UserHandler in libjvm.so, mask=11100100010111111101111111111110, flags=SA_RESTART|SA_SIGINFO
   SIGTERM: UserHandler in libjvm.so, mask=11100100010111111101111111111110, flags=SA_RESTART|SA_SIGINFO
   SIGQUIT: UserHandler in libjvm.so, mask=11100100010111111101111111111110, flags=SA_RESTART|SA_SIGINFO
  *** Handler was modified!
  *** Expected: javaSignalHandler in libjvm.so, mask=11100100110111111111111111111110, flags=SA_RESTART|SA_SIGINFO
   SIGTRAP: crash_handler in libjvm.so, mask=11100100010111111101111111111110, flags=SA_RESTART|SA_SIGINFO


---------------  S Y S T E M  ---------------

OS:
DISTRIB_ID=Ubuntu
DISTRIB_RELEASE=20.04
DISTRIB_CODENAME=focal
DISTRIB_DESCRIPTION="Ubuntu 20.04.2 LTS"
uname: Linux 5.15.0-1029-gcp #36~20.04.1-Ubuntu SMP Tue Jan 24 16:54:15 UTC 2023 x86_64
OS uptime: 0 days 0:27 hours
libc: glibc 2.35 NPTL 2.35 
rlimit (soft/hard): STACK 8192k/infinity , CORE infinity/infinity , NPROC infinity/infinity , NOFILE 5242/5242 , AS infinity/infinity , CPU infinity/infinity , DATA infinity/infinity , FSIZE infinity/infinity , MEMLOCK 64k/64k
load average: 9.52 11.01 8.33

/proc/meminfo:
MemTotal:       65852724 kB
MemFree:        38029960 kB
MemAvailable:   51615760 kB
Buffers:         1143364 kB
Cached:         11682480 kB
SwapCached:            0 kB
Active:          4891524 kB
Inactive:       19862776 kB
Active(anon):      13568 kB
Inactive(anon): 11574828 kB
Active(file):    4877956 kB
Inactive(file):  8287948 kB
Unevictable:       43308 kB
Mlocked:           43308 kB
SwapTotal:             0 kB
SwapFree:              0 kB
Dirty:              2256 kB
Writeback:             0 kB
AnonPages:      11816948 kB
Mapped:          1481268 kB
Shmem:             25164 kB
KReclaimable:    1146496 kB
Slab:            2165648 kB
SReclaimable:    1146496 kB
SUnreclaim:      1019152 kB
KernelStack:      388636 kB
PageTables:       143212 kB
NFS_Unstable:          0 kB
Bounce:                0 kB
WritebackTmp:          0 kB
CommitLimit:    32926360 kB
Committed_AS:   56772484 kB
VmallocTotal:   34359738367 kB
VmallocUsed:      421116 kB
VmallocChunk:          0 kB
Percpu:            43296 kB
HardwareCorrupted:     0 kB
AnonHugePages:    378880 kB
ShmemHugePages:        0 kB
ShmemPmdMapped:        0 kB
FileHugePages:         0 kB
FilePmdMapped:         0 kB
HugePages_Total:       0
HugePages_Free:        0
HugePages_Rsvd:        0
HugePages_Surp:        0
Hugepagesize:       2048 kB
Hugetlb:               0 kB
DirectMap4k:     1416000 kB
DirectMap2M:    28989440 kB
DirectMap1G:    38797312 kB

/sys/kernel/mm/transparent_hugepage/enabled: always [madvise] never
/sys/kernel/mm/transparent_hugepage/defrag (defrag/compaction efforts parameter): always defer defer+madvise [madvise] never

Process Memory:
Virtual Size: 5188696K (peak: 5229372K)
Resident Set Size: 777356K (peak: 813276K) (anon: 581872K, file: 195484K, shmem: 0K)
Swapped out: 0K
C-Heap outstanding allocations: 42100K, retained: 13251K
glibc malloc tunables: (default)

/proc/sys/kernel/threads-max (system-wide limit on the number of threads): 514406
/proc/sys/vm/max_map_count (maximum number of memory map areas a process may have): 65530
/proc/sys/kernel/pid_max (system-wide limit on number of process identifiers): 4194304

container (cgroup) information:
container_type: cgroupv1
cpu_cpuset_cpus: 2-7
cpu_memory_nodes: 0
active_processor_count: 1
cpu_quota: 50000
cpu_period: 100000
cpu_shares: 512
memory_limit_in_bytes: 1048576 k
memory_and_swap_limit_in_bytes: 1048576 k
memory_soft_limit_in_bytes: 524288 k
memory_usage_in_bytes: 871920 k
memory_max_usage_in_bytes: 954720 k
maximum number of tasks: 1000
current number of tasks: 59

KVM virtualization detected
Steal ticks since vm start: 0
Steal ticks percentage since vm start:  0.000

CPU: total 8 (initial active 1) (8 cores per cpu, 2 threads per core) family 23 model 49 stepping 0 microcode 0xffffffff, cx8, cmov, fxsr, ht, mmx, 3dnowpref, sse, sse2, sse3, ssse3, sse4a, sse4.1, sse4.2, popcnt, lzcnt, tsc, tscinvbit, avx, avx2, aes, clmul, bmi1, bmi2, adx, sha, fma, vzeroupper, clflush, clflushopt, hv
CPU Model and flags from /proc/cpuinfo:
model name	: AMD EPYC 7B12
flags		: fpu vme de pse tsc msr pae mce cx8 apic sep mtrr pge mca cmov pat pse36 clflush mmx fxsr sse sse2 ht syscall nx mmxext fxsr_opt pdpe1gb rdtscp lm constant_tsc rep_good nopl nonstop_tsc cpuid extd_apicid tsc_known_freq pni pclmulqdq ssse3 fma cx16 sse4_1 sse4_2 movbe popcnt aes xsave avx f16c rdrand hypervisor lahf_lm cmp_legacy cr8_legacy abm sse4a misalignsse 3dnowprefetch osvw topoext ssbd ibrs ibpb stibp vmmcall fsgsbase tsc_adjust bmi1 avx2 smep bmi2 rdseed adx smap clflushopt clwb sha_ni xsaveopt xsavec xgetbv1 clzero xsaveerptr arat npt nrip_save umip rdpid

Online cpus: 0-7
Offline cpus: 
BIOS frequency limitation: <Not Available>
Frequency switch latency (ns): <Not Available>
Available cpu frequencies: <Not Available>
Current governor: <Not Available>
Core performance/turbo boost: <Not Available>

Memory: 4k page, physical 1048576k(176652k free), swap 0k(0k free)
Page Sizes: 4k

vm_info: OpenJDK 64-Bit Server VM (17.0.5+8-jvmci-22.3-b08) for linux-amd64 JRE (17.0.5+8-jvmci-22.3-b08), built on Oct 19 2022 09:01:27 by "buildslave" with gcc 10.3.0

END.
